#
# There is insufficient memory for the Java Runtime Environment to continue.
# Native memory allocation (malloc) failed to allocate 1115536 bytes. Error detail: Chunk::new
# Possible reasons:
#   The system is out of physical RAM or swap space
#   This process is running with CompressedOops enabled, and the Java Heap may be blocking the growth of the native heap
# Possible solutions:
#   Reduce memory load on the system
#   Increase physical memory or swap space
#   Check if swap backing store is full
#   Decrease Java heap size (-Xmx/-Xms)
#   Decrease number of Java threads
#   Decrease Java thread stack sizes (-Xss)
#   Set larger code cache with -XX:ReservedCodeCacheSize=
#   JVM is running with Unscaled Compressed Oops mode in which the Java heap is
#     placed in the first 4GB address space. The Java Heap base address is the
#     maximum limit for the native heap growth. Please use -XX:HeapBaseMinAddress
#     to set the Java Heap base and to place the Java Heap above 4GB virtual address.
# This output file may be truncated or incomplete.
#
#  Out of Memory Error (arena.cpp:168), pid=16548, tid=3376
#
# JRE version: OpenJDK Runtime Environment Temurin-21.0.10+7 (21.0.10+7) (build 21.0.10+7-LTS)
# Java VM: OpenJDK 64-Bit Server VM Temurin-21.0.10+7 (21.0.10+7-LTS, mixed mode, sharing, tiered, compressed oops, compressed class ptrs, parallel gc, windows-amd64)
# No core dump will be written. Minidumps are not enabled by default on client versions of Windows
#

---------------  S U M M A R Y ------------

Command Line: --add-modules=ALL-SYSTEM --add-opens=java.base/java.util=ALL-UNNAMED --add-opens=java.base/java.lang=ALL-UNNAMED --add-opens=java.base/sun.nio.fs=ALL-UNNAMED -Declipse.application=org.eclipse.jdt.ls.core.id1 -Dosgi.bundles.defaultStartLevel=4 -Declipse.product=org.eclipse.jdt.ls.core.product -Djava.import.generatesMetadataFilesAtProjectRoot=false -DDetectVMInstallationsJob.disabled=true -Dfile.encoding=utf8 -XX:+UseParallelGC -XX:GCTimeRatio=4 -XX:AdaptiveSizePolicyWeight=90 -Dsun.zip.disableMemoryMapping=true -Xmx2G -Xms100m -Xlog:disable -javaagent:c:\Users\Administrator\.trae-cn\extensions\redhat.java-1.54.0-win32-x64\lombok\lombok-1.18.39-4050.jar c:\Users\Administrator\.trae-cn\extensions\redhat.java-1.54.0-win32-x64\server\plugins\org.eclipse.equinox.launcher_1.7.100.v20251111-0406.jar -configuration c:\Users\Administrator\AppData\Roaming\Trae CN\User\globalStorage\redhat.java\1.54.0\config_ss_win -data c:\Users\Administrator\AppData\Roaming\Trae CN\User\workspaceStorage\87619ee848e456e4662c54439ca42d22\redhat.java\ss_ws --pipe=\\.\pipe\lsp-50f236952afac9063f89a25cd88c2e67-sock

Host: 12th Gen Intel(R) Core(TM) i5-12500, 12 cores, 15G,  Windows 10 , 64 bit Build 19041 (10.0.19041.3570)
Time: Wed Jun 17 15:21:57 2026 elapsed time: 2.609052 seconds (0d 0h 0m 2s)

---------------  T H R E A D  ---------------

Current thread (0x000002666ba8de20):  JavaThread "C2 CompilerThread1" daemon [_thread_in_native, id=3376, stack(0x000000efa2700000,0x000000efa2800000) (1024K)]


Current CompileTask:
C2:2609 4647   !   4       lombok.core.AST::buildWithField0 (121 bytes)

Stack: [0x000000efa2700000,0x000000efa2800000]
Native frames: (J=compiled Java code, j=interpreted, Vv=VM code, C=native code)
V  [jvm.dll+0x6d7a39]
V  [jvm.dll+0x8b4b26]
V  [jvm.dll+0x8b70de]
V  [jvm.dll+0x8b77c3]
V  [jvm.dll+0x284346]
V  [jvm.dll+0xc66ed]
V  [jvm.dll+0xc6c31]
V  [jvm.dll+0x2fb29e]
V  [jvm.dll+0x5fe884]
V  [jvm.dll+0x255b17]
V  [jvm.dll+0x255edd]
V  [jvm.dll+0x24e500]
V  [jvm.dll+0x24ba42]
V  [jvm.dll+0x1cb34e]
V  [jvm.dll+0x25b85d]
V  [jvm.dll+0x259dea]
V  [jvm.dll+0x3f857e]
V  [jvm.dll+0x85f59d]
V  [jvm.dll+0x6d626d]
C  [ucrtbase.dll+0x21bb2]
C  [KERNEL32.DLL+0x17344]
C  [ntdll.dll+0x526b1]


---------------  P R O C E S S  ---------------

Threads class SMR info:
_java_thread_list=0x00000266720776f0, length=59, elements={
0x0000026611f3f260, 0x0000026611ef0350, 0x0000026611ef1270, 0x000002666b893490,
0x000002666b8b41c0, 0x0000026611ef1f30, 0x0000026611ef2ef0, 0x0000026611efe180,
0x000002666b8c1280, 0x000002666ba8de20, 0x000002666bb15240, 0x000002666bbdf350,
0x000002667018de00, 0x0000026670a739c0, 0x0000026670950f20, 0x00000266709521c0,
0x00000266709d2280, 0x0000026670b2ef60, 0x0000026670e94310, 0x0000026670e92f60,
0x0000026670e91520, 0x0000026670e935f0, 0x0000026670e91bb0, 0x0000026670e92240,
0x0000026670e928d0, 0x0000026670e949a0, 0x0000026670e93c80, 0x0000026671543f50,
0x0000026671544c70, 0x000002667154a1c0, 0x0000026671549b30, 0x00000266715466b0,
0x0000026671545300, 0x00000266715438c0, 0x0000026671545990, 0x0000026671546d40,
0x00000266715445e0, 0x0000026671546020, 0x000002667154a850, 0x0000026671548780,
0x00000266715494a0, 0x00000266715473d0, 0x0000026671547a60, 0x00000266715480f0,
0x0000026671548e10, 0x0000026672d1def0, 0x0000026672d1c4b0, 0x0000026672d1cb40,
0x0000026672d1b790, 0x0000026672d1d860, 0x0000026672d1be20, 0x0000026672d1e580,
0x0000026672d1b100, 0x0000026672d1d1d0, 0x00000266729c9630, 0x00000266729cc420,
0x00000266729c8fa0, 0x00000266729ca9e0, 0x00000266729cbd90
}

Java Threads: ( => current thread )
  0x0000026611f3f260 JavaThread "main"                              [_thread_blocked, id=19288, stack(0x000000efa1b00000,0x000000efa1c00000) (1024K)]
  0x0000026611ef0350 JavaThread "Reference Handler"          daemon [_thread_blocked, id=21356, stack(0x000000efa1f00000,0x000000efa2000000) (1024K)]
  0x0000026611ef1270 JavaThread "Finalizer"                  daemon [_thread_blocked, id=18788, stack(0x000000efa2000000,0x000000efa2100000) (1024K)]
  0x000002666b893490 JavaThread "Signal Dispatcher"          daemon [_thread_blocked, id=15076, stack(0x000000efa2100000,0x000000efa2200000) (1024K)]
  0x000002666b8b41c0 JavaThread "Attach Listener"            daemon [_thread_blocked, id=22068, stack(0x000000efa2200000,0x000000efa2300000) (1024K)]
  0x0000026611ef1f30 JavaThread "Service Thread"             daemon [_thread_blocked, id=18396, stack(0x000000efa2300000,0x000000efa2400000) (1024K)]
  0x0000026611ef2ef0 JavaThread "Monitor Deflation Thread"   daemon [_thread_blocked, id=12452, stack(0x000000efa2400000,0x000000efa2500000) (1024K)]
  0x0000026611efe180 JavaThread "C2 CompilerThread0"         daemon [_thread_in_native, id=8800, stack(0x000000efa2500000,0x000000efa2600000) (1024K)]
  0x000002666b8c1280 JavaThread "C1 CompilerThread0"         daemon [_thread_in_vm, id=15520, stack(0x000000efa2600000,0x000000efa2700000) (1024K)]
=>0x000002666ba8de20 JavaThread "C2 CompilerThread1"         daemon [_thread_in_native, id=3376, stack(0x000000efa2700000,0x000000efa2800000) (1024K)]
  0x000002666bb15240 JavaThread "Common-Cleaner"             daemon [_thread_blocked, id=5108, stack(0x000000efa2800000,0x000000efa2900000) (1024K)]
  0x000002666bbdf350 JavaThread "Notification Thread"        daemon [_thread_blocked, id=19388, stack(0x000000efa2900000,0x000000efa2a00000) (1024K)]
  0x000002667018de00 JavaThread "C2 CompilerThread2"         daemon [_thread_in_native, id=18956, stack(0x000000efa2a00000,0x000000efa2b00000) (1024K)]
  0x0000026670a739c0 JavaThread "Active Thread: Equinox Container: 4446e1a1-bd6e-4eb0-b20d-476bc0a8ca18"        [_thread_blocked, id=21524, stack(0x000000efa3100000,0x000000efa3200000) (1024K)]
  0x0000026670950f20 JavaThread "Framework Event Dispatcher: Equinox Container: 4446e1a1-bd6e-4eb0-b20d-476bc0a8ca18" daemon [_thread_blocked, id=22192, stack(0x000000efa3200000,0x000000efa3300000) (1024K)]
  0x00000266709521c0 JavaThread "Start Level: Equinox Container: 4446e1a1-bd6e-4eb0-b20d-476bc0a8ca18" daemon [_thread_blocked, id=4424, stack(0x000000efa3300000,0x000000efa3400000) (1024K)]
  0x00000266709d2280 JavaThread "SCR Component Actor"        daemon [_thread_blocked, id=18904, stack(0x000000efa3500000,0x000000efa3600000) (1024K)]
  0x0000026670b2ef60 JavaThread "Worker-JM"                         [_thread_blocked, id=15024, stack(0x000000efa3800000,0x000000efa3900000) (1024K)]
  0x0000026670e94310 JavaThread "JNA Cleaner"                daemon [_thread_blocked, id=9904, stack(0x000000efa3900000,0x000000efa3a00000) (1024K)]
  0x0000026670e92f60 JavaThread "Worker-0: Building"                [_thread_blocked, id=10880, stack(0x000000efa3a00000,0x000000efa3b00000) (1024K)]
  0x0000026670e91520 JavaThread "Worker-1"                          [_thread_blocked, id=7356, stack(0x000000efa3b00000,0x000000efa3c00000) (1024K)]
  0x0000026670e935f0 JavaThread "Worker-2"                          [_thread_blocked, id=2592, stack(0x000000efa3c00000,0x000000efa3d00000) (1024K)]
  0x0000026670e91bb0 JavaThread "Thread-1"                   daemon [_thread_in_native, id=6492, stack(0x000000efa3f00000,0x000000efa4000000) (1024K)]
  0x0000026670e92240 JavaThread "Thread-2"                   daemon [_thread_in_native, id=8920, stack(0x000000efa4000000,0x000000efa4100000) (1024K)]
  0x0000026670e928d0 JavaThread "Thread-3"                   daemon [_thread_in_native, id=18688, stack(0x000000efa4100000,0x000000efa4200000) (1024K)]
  0x0000026670e949a0 JavaThread "Thread-4"                   daemon [_thread_in_native, id=6040, stack(0x000000efa4200000,0x000000efa4300000) (1024K)]
  0x0000026670e93c80 JavaThread "Thread-5"                   daemon [_thread_in_native, id=9524, stack(0x000000efa4300000,0x000000efa4400000) (1024K)]
  0x0000026671543f50 JavaThread "Thread-6"                   daemon [_thread_in_native, id=17044, stack(0x000000efa4400000,0x000000efa4500000) (1024K)]
  0x0000026671544c70 JavaThread "Thread-7"                   daemon [_thread_in_native, id=19756, stack(0x000000efa4500000,0x000000efa4600000) (1024K)]
  0x000002667154a1c0 JavaThread "Thread-8"                   daemon [_thread_in_native, id=18744, stack(0x000000efa4600000,0x000000efa4700000) (1024K)]
  0x0000026671549b30 JavaThread "Thread-9"                   daemon [_thread_in_native, id=19864, stack(0x000000efa4700000,0x000000efa4800000) (1024K)]
  0x00000266715466b0 JavaThread "Thread-10"                  daemon [_thread_in_native, id=924, stack(0x000000efa4800000,0x000000efa4900000) (1024K)]
  0x0000026671545300 JavaThread "Thread-11"                  daemon [_thread_in_native, id=11636, stack(0x000000efa4900000,0x000000efa4a00000) (1024K)]
  0x00000266715438c0 JavaThread "Thread-12"                  daemon [_thread_in_native, id=22012, stack(0x000000efa4a00000,0x000000efa4b00000) (1024K)]
  0x0000026671545990 JavaThread "Thread-13"                  daemon [_thread_in_native, id=9200, stack(0x000000efa4b00000,0x000000efa4c00000) (1024K)]
  0x0000026671546d40 JavaThread "pool-2-thread-1"                   [_thread_blocked, id=12556, stack(0x000000efa4c00000,0x000000efa4d00000) (1024K)]
  0x00000266715445e0 JavaThread "WorkspaceEventsHandler"            [_thread_blocked, id=21552, stack(0x000000efa4d00000,0x000000efa4e00000) (1024K)]
  0x0000026671546020 JavaThread "pool-1-thread-1"                   [_thread_blocked, id=21196, stack(0x000000efa4e00000,0x000000efa4f00000) (1024K)]
  0x000002667154a850 JavaThread "LocalFile Deleter"          daemon [_thread_blocked, id=21128, stack(0x000000efa4f00000,0x000000efa5000000) (1024K)]
  0x0000026671548780 JavaThread "LocalFile Deleter"          daemon [_thread_blocked, id=22260, stack(0x000000efa5000000,0x000000efa5100000) (1024K)]
  0x00000266715494a0 JavaThread "LocalFile Deleter"          daemon [_thread_blocked, id=20308, stack(0x000000efa5100000,0x000000efa5200000) (1024K)]
  0x00000266715473d0 JavaThread "LocalFile Deleter"          daemon [_thread_blocked, id=5032, stack(0x000000efa5200000,0x000000efa5300000) (1024K)]
  0x0000026671547a60 JavaThread "LocalFile Deleter"          daemon [_thread_blocked, id=19148, stack(0x000000efa5300000,0x000000efa5400000) (1024K)]
  0x00000266715480f0 JavaThread "LocalFile Deleter"          daemon [_thread_blocked, id=22124, stack(0x000000efa5400000,0x000000efa5500000) (1024K)]
  0x0000026671548e10 JavaThread "LocalFile Deleter"          daemon [_thread_blocked, id=17152, stack(0x000000efa5500000,0x000000efa5600000) (1024K)]
  0x0000026672d1def0 JavaThread "LocalFile Deleter"          daemon [_thread_blocked, id=8496, stack(0x000000efa5600000,0x000000efa5700000) (1024K)]
  0x0000026672d1c4b0 JavaThread "LocalFile Deleter"          daemon [_thread_blocked, id=7784, stack(0x000000efa5700000,0x000000efa5800000) (1024K)]
  0x0000026672d1cb40 JavaThread "Compiler Source File Reader" daemon [_thread_blocked, id=21852, stack(0x000000efa5800000,0x000000efa5900000) (1024K)]
  0x0000026672d1b790 JavaThread "Compiler Source File Reader" daemon [_thread_blocked, id=19908, stack(0x000000efa5900000,0x000000efa5a00000) (1024K)]
  0x0000026672d1d860 JavaThread "Compiler Source File Reader" daemon [_thread_blocked, id=21032, stack(0x000000efa5a00000,0x000000efa5b00000) (1024K)]
  0x0000026672d1be20 JavaThread "Compiler Source File Reader" daemon [_thread_blocked, id=17256, stack(0x000000efa5b00000,0x000000efa5c00000) (1024K)]
  0x0000026672d1e580 JavaThread "Compiler Source File Reader" daemon [_thread_blocked, id=21428, stack(0x000000efa5c00000,0x000000efa5d00000) (1024K)]
  0x0000026672d1b100 JavaThread "Compiler Source File Reader" daemon [_thread_blocked, id=18372, stack(0x000000efa5d00000,0x000000efa5e00000) (1024K)]
  0x0000026672d1d1d0 JavaThread "Compiler Source File Reader" daemon [_thread_blocked, id=20968, stack(0x000000efa5e00000,0x000000efa5f00000) (1024K)]
  0x00000266729c9630 JavaThread "ForkJoinPool.commonPool-worker-1" daemon [_thread_blocked, id=21880, stack(0x000000efa5f00000,0x000000efa6000000) (1024K)]
  0x00000266729cc420 JavaThread "Compiler Processing Task"   daemon [_thread_in_vm, id=12348, stack(0x000000efa6000000,0x000000efa6100000) (1024K)]
  0x00000266729c8fa0 JavaThread "Compiler Class File Writer" daemon [_thread_blocked, id=7376, stack(0x000000efa6100000,0x000000efa6200000) (1024K)]
  0x00000266729ca9e0 JavaThread "ForkJoinPool.commonPool-worker-2" daemon [_thread_blocked, id=21228, stack(0x000000efa6200000,0x000000efa6300000) (1024K)]
  0x00000266729cbd90 JavaThread "Compiler Class File Writer" daemon [_thread_blocked, id=10452, stack(0x000000efa6300000,0x000000efa6400000) (1024K)]
Total: 59

Other Threads:
  0x0000026611ed4d40 VMThread "VM Thread"                           [id=21580, stack(0x000000efa1e00000,0x000000efa1f00000) (1024K)]
  0x0000026612008540 WatcherThread "VM Periodic Task Thread"        [id=1976, stack(0x000000efa1d00000,0x000000efa1e00000) (1024K)]
  0x0000026611f5c9d0 WorkerThread "GC Thread#0"                     [id=21928, stack(0x000000efa1c00000,0x000000efa1d00000) (1024K)]
  0x00000266702b81a0 WorkerThread "GC Thread#1"                     [id=9476, stack(0x000000efa2b00000,0x000000efa2c00000) (1024K)]
  0x0000026670580990 WorkerThread "GC Thread#2"                     [id=18524, stack(0x000000efa2c00000,0x000000efa2d00000) (1024K)]
  0x0000026670774960 WorkerThread "GC Thread#3"                     [id=16476, stack(0x000000efa2d00000,0x000000efa2e00000) (1024K)]
  0x0000026670647090 WorkerThread "GC Thread#4"                     [id=22072, stack(0x000000efa2e00000,0x000000efa2f00000) (1024K)]
  0x0000026670691e60 WorkerThread "GC Thread#5"                     [id=8236, stack(0x000000efa2f00000,0x000000efa3000000) (1024K)]
  0x0000026670691ab0 WorkerThread "GC Thread#6"                     [id=316, stack(0x000000efa3000000,0x000000efa3100000) (1024K)]
  0x0000026670693480 WorkerThread "GC Thread#7"                     [id=19460, stack(0x000000efa3400000,0x000000efa3500000) (1024K)]
  0x0000026670692970 WorkerThread "GC Thread#8"                     [id=17512, stack(0x000000efa3600000,0x000000efa3700000) (1024K)]
  0x00000266706925c0 WorkerThread "GC Thread#9"                     [id=14204, stack(0x000000efa3700000,0x000000efa3800000) (1024K)]
Total: 12

Threads with active compile tasks:
C2 CompilerThread0  2622 4805       4       lombok.eclipse.EclipseAST::buildTree (182 bytes)
C1 CompilerThread0  2622 4833       3       java.nio.charset.CharsetDecoder::implReset (1 bytes)
C2 CompilerThread1  2622 4647   !   4       lombok.core.AST::buildWithField0 (121 bytes)
C2 CompilerThread2  2622 4646       4       lombok.core.AST::buildWithField (21 bytes)
Total: 4

VM state: not at safepoint (normal execution)

VM Mutex/Monitor currently owned by a thread:  ([mutex/lock_event])
[0x00007ff95b92c4e0] Metaspace_lock - owner thread: 0x00000266729cc420

Heap address: 0x0000000080000000, size: 2048 MB, Compressed Oops mode: 32-bit

CDS archive(s) mapped at: [0x0000026629000000-0x0000026629ba0000-0x0000026629ba0000), size 12189696, SharedBaseAddress: 0x0000026629000000, ArchiveRelocationMode: 1.
Compressed class space mapped at: 0x000002662a000000-0x000002666a000000, reserved size: 1073741824
Narrow klass base: 0x0000026629000000, Narrow klass shift: 0, Narrow klass range: 0x100000000

GC Precious Log:
 CardTable entry size: 512
 CPUs: 12 total, 12 available
 Memory: 16059M
 Large Page Support: Disabled
 NUMA Support: Disabled
 Compressed Oops: Enabled (32-bit)
 Alignments: Space 512K, Generation 512K, Heap 2M
 Heap Min Capacity: 100M
 Heap Initial Capacity: 100M
 Heap Max Capacity: 2G
 Pre-touch: Disabled
 Parallel Workers: 10

Heap:
 PSYoungGen      total 22528K, used 18337K [0x00000000d5580000, 0x00000000d7500000, 0x0000000100000000)
  eden space 22016K, 81% used [0x00000000d5580000,0x00000000d66eeb78,0x00000000d6b00000)
  from space 512K, 95% used [0x00000000d7000000,0x00000000d7079c00,0x00000000d7080000)
  to   space 5120K, 0% used [0x00000000d6b00000,0x00000000d6b00000,0x00000000d7000000)
 ParOldGen       total 68608K, used 20263K [0x0000000080000000, 0x0000000084300000, 0x00000000d5580000)
  object space 68608K, 29% used [0x0000000080000000,0x00000000813c9f10,0x0000000084300000)
 Metaspace       used 38505K, committed 39424K, reserved 1114112K
  class space    used 3899K, committed 4352K, reserved 1048576K

Card table byte_map: [0x00000266118f0000,0x0000026611d00000] _byte_map_base: 0x00000266114f0000

Marking Bits: (ParMarkBitMap*) 0x00007ff95b933450
 Begin Bits: [0x0000026624400000, 0x0000026626400000)
 End Bits:   [0x0000026626400000, 0x0000026628400000)

Polling page: 0x000002660ff00000

Metaspace:

Usage:
  Non-class:     33.80 MB used.
      Class:      3.81 MB used.
       Both:     37.60 MB used.

Virtual space:
  Non-class space:       64.00 MB reserved,      34.25 MB ( 54%) committed,  1 nodes.
      Class space:        1.00 GB reserved,       4.25 MB ( <1%) committed,  1 nodes.
             Both:        1.06 GB reserved,      38.50 MB (  4%) committed. 

Chunk freelists:
   Non-Class:  13.12 MB
       Class:  11.58 MB
        Both:  24.70 MB

MaxMetaspaceSize: unlimited
CompressedClassSpaceSize: 1.00 GB
Initial GC threshold: 21.00 MB
Current GC threshold: 58.38 MB
CDS: on
 - commit_granule_bytes: 65536.
 - commit_granule_words: 8192.
 - virtual_space_node_default_size: 8388608.
 - enlarge_chunks_in_place: 1.
 - use_allocation_guard: 0.


Internal statistics:

num_allocs_failed_limit: 6.
num_arena_births: 706.
num_arena_deaths: 14.
num_vsnodes_births: 2.
num_vsnodes_deaths: 0.
num_space_committed: 616.
num_space_uncommitted: 0.
num_chunks_returned_to_freelist: 20.
num_chunks_taken_from_freelist: 2303.
num_chunk_merges: 12.
num_chunk_splits: 1461.
num_chunks_enlarged: 941.
num_inconsistent_stats: 0.

CodeHeap 'non-profiled nmethods': size=120000Kb used=2371Kb max_used=2371Kb free=117629Kb
 bounds [0x000002661cc20000, 0x000002661ce90000, 0x0000026624150000]
CodeHeap 'profiled nmethods': size=120000Kb used=9374Kb max_used=9374Kb free=110625Kb
 bounds [0x0000026615150000, 0x0000026615a80000, 0x000002661c680000]
CodeHeap 'non-nmethods': size=5760Kb used=1388Kb max_used=1422Kb free=4371Kb
 bounds [0x000002661c680000, 0x000002661c8f0000, 0x000002661cc20000]
CodeCache: size=245760Kb, used=13133Kb, max_used=13167Kb, free=232625Kb
 total_blobs=5088, nmethods=4394, adapters=600, full_count=0
Compilation: enabled, stopped_count=0, restarted_count=0

Compilation events (20 events):
Event: 2.585 Thread 0x000002666b8c1280 4810       3       org.eclipse.jdt.internal.compiler.util.SortedCharArrays::compareCharCharArray (52 bytes)
Event: 2.585 Thread 0x000002666b8c1280 nmethod 4810 0x0000026615a73990 code [0x0000026615a73b60, 0x0000026615a73e58]
Event: 2.585 Thread 0x000002666b8c1280 4813       3       org.eclipse.jdt.internal.compiler.lookup.BinaryTypeBinding::kind (31 bytes)
Event: 2.585 Thread 0x000002666b8c1280 nmethod 4813 0x0000026615a73f90 code [0x0000026615a74180, 0x0000026615a746b8]
Event: 2.585 Thread 0x000002666b8c1280 4809       3       org.eclipse.jdt.internal.compiler.util.SortedCharArrays$$Lambda/0x000002662a3fed90::compare (12 bytes)
Event: 2.585 Thread 0x000002666b8c1280 nmethod 4809 0x0000026615a74810 code [0x0000026615a749c0, 0x0000026615a74ce0]
Event: 2.585 Thread 0x000002666b8c1280 4819       1       org.eclipse.jdt.internal.compiler.lookup.Binding::problemId (2 bytes)
Event: 2.586 Thread 0x000002666b8c1280 nmethod 4819 0x000002661ce6ea10 code [0x000002661ce6eba0, 0x000002661ce6ec68]
Event: 2.586 Thread 0x000002666b8c1280 4816       1       org.eclipse.jdt.internal.compiler.lookup.ProblemReferenceBinding::problemId (5 bytes)
Event: 2.586 Thread 0x000002666b8c1280 nmethod 4816 0x000002661ce6ed10 code [0x000002661ce6eea0, 0x000002661ce6ef68]
Event: 2.586 Thread 0x000002666b8c1280 4811       3       org.eclipse.jdt.internal.compiler.classfmt.MethodInfo::getModifiers (17 bytes)
Event: 2.586 Thread 0x000002666b8c1280 nmethod 4811 0x0000026615a74e10 code [0x0000026615a74fc0, 0x0000026615a75140]
Event: 2.586 Thread 0x000002666b8c1280 4814       3       org.eclipse.jdt.internal.compiler.lookup.MethodBinding::<init> (136 bytes)
Event: 2.586 Thread 0x000002666b8c1280 nmethod 4814 0x0000026615a75210 code [0x0000026615a75400, 0x0000026615a75a50]
Event: 2.586 Thread 0x000002666b8c1280 4815  s    1       org.eclipse.core.internal.resources.WorkManager::getPreparedOperationDepth (5 bytes)
Event: 2.586 Thread 0x000002666b8c1280 nmethod 4815 0x000002661ce6f010 code [0x000002661ce6f1a0, 0x000002661ce6f328]
Event: 2.586 Thread 0x000002666b8c1280 4823       1       org.eclipse.jdt.internal.compiler.lookup.AnnotationBinding::getAnnotationType (5 bytes)
Event: 2.586 Thread 0x000002666b8c1280 nmethod 4823 0x000002661ce6f390 code [0x000002661ce6f520, 0x000002661ce6f5e8]
Event: 2.587 Thread 0x0000026611efe180 nmethod 4804 0x000002661ce6f690 code [0x000002661ce6f8c0, 0x000002661ce6fe00]
Event: 2.587 Thread 0x0000026611efe180 4805       4       lombok.eclipse.EclipseAST::buildTree (182 bytes)

GC Heap History (20 events):
Event: 1.358 GC heap before
{Heap before GC invocations=7 (full 1):
 PSYoungGen      total 29696K, used 4357K [0x00000000d5580000, 0x00000000d7780000, 0x0000000100000000)
  eden space 25088K, 0% used [0x00000000d5580000,0x00000000d5580000,0x00000000d6e00000)
  from space 4608K, 94% used [0x00000000d7300000,0x00000000d7741438,0x00000000d7780000)
  to   space 4608K, 0% used [0x00000000d6e80000,0x00000000d6e80000,0x00000000d7300000)
 ParOldGen       total 68608K, used 6839K [0x0000000080000000, 0x0000000084300000, 0x00000000d5580000)
  object space 68608K, 9% used [0x0000000080000000,0x00000000806adc08,0x0000000084300000)
 Metaspace       used 20864K, committed 21504K, reserved 1114112K
  class space    used 2051K, committed 2368K, reserved 1048576K
}
Event: 1.374 GC heap after
{Heap after GC invocations=7 (full 1):
 PSYoungGen      total 29696K, used 0K [0x00000000d5580000, 0x00000000d7780000, 0x0000000100000000)
  eden space 25088K, 0% used [0x00000000d5580000,0x00000000d5580000,0x00000000d6e00000)
  from space 4608K, 0% used [0x00000000d7300000,0x00000000d7300000,0x00000000d7780000)
  to   space 4608K, 0% used [0x00000000d6e80000,0x00000000d6e80000,0x00000000d7300000)
 ParOldGen       total 68608K, used 10741K [0x0000000080000000, 0x0000000084300000, 0x00000000d5580000)
  object space 68608K, 15% used [0x0000000080000000,0x0000000080a7d710,0x0000000084300000)
 Metaspace       used 20852K, committed 21504K, reserved 1114112K
  class space    used 2048K, committed 2368K, reserved 1048576K
}
Event: 1.465 GC heap before
{Heap before GC invocations=8 (full 1):
 PSYoungGen      total 29696K, used 25088K [0x00000000d5580000, 0x00000000d7780000, 0x0000000100000000)
  eden space 25088K, 100% used [0x00000000d5580000,0x00000000d6e00000,0x00000000d6e00000)
  from space 4608K, 0% used [0x00000000d7300000,0x00000000d7300000,0x00000000d7780000)
  to   space 4608K, 0% used [0x00000000d6e80000,0x00000000d6e80000,0x00000000d7300000)
 ParOldGen       total 68608K, used 10741K [0x0000000080000000, 0x0000000084300000, 0x00000000d5580000)
  object space 68608K, 15% used [0x0000000080000000,0x0000000080a7d710,0x0000000084300000)
 Metaspace       used 22464K, committed 23104K, reserved 1114112K
  class space    used 2152K, committed 2432K, reserved 1048576K
}
Event: 1.466 GC heap after
{Heap after GC invocations=8 (full 1):
 PSYoungGen      total 27136K, used 2377K [0x00000000d5580000, 0x00000000d7480000, 0x0000000100000000)
  eden space 24576K, 0% used [0x00000000d5580000,0x00000000d5580000,0x00000000d6d80000)
  from space 2560K, 92% used [0x00000000d6e80000,0x00000000d70d2708,0x00000000d7100000)
  to   space 3584K, 0% used [0x00000000d7100000,0x00000000d7100000,0x00000000d7480000)
 ParOldGen       total 68608K, used 10749K [0x0000000080000000, 0x0000000084300000, 0x00000000d5580000)
  object space 68608K, 15% used [0x0000000080000000,0x0000000080a7f710,0x0000000084300000)
 Metaspace       used 22464K, committed 23104K, reserved 1114112K
  class space    used 2152K, committed 2432K, reserved 1048576K
}
Event: 1.647 GC heap before
{Heap before GC invocations=9 (full 1):
 PSYoungGen      total 27136K, used 26953K [0x00000000d5580000, 0x00000000d7480000, 0x0000000100000000)
  eden space 24576K, 100% used [0x00000000d5580000,0x00000000d6d80000,0x00000000d6d80000)
  from space 2560K, 92% used [0x00000000d6e80000,0x00000000d70d2708,0x00000000d7100000)
  to   space 3584K, 0% used [0x00000000d7100000,0x00000000d7100000,0x00000000d7480000)
 ParOldGen       total 68608K, used 10749K [0x0000000080000000, 0x0000000084300000, 0x00000000d5580000)
  object space 68608K, 15% used [0x0000000080000000,0x0000000080a7f710,0x0000000084300000)
 Metaspace       used 26430K, committed 27264K, reserved 1114112K
  class space    used 2558K, committed 2944K, reserved 1048576K
}
Event: 1.648 GC heap after
{Heap after GC invocations=9 (full 1):
 PSYoungGen      total 27648K, used 3560K [0x00000000d5580000, 0x00000000d7500000, 0x0000000100000000)
  eden space 24064K, 0% used [0x00000000d5580000,0x00000000d5580000,0x00000000d6d00000)
  from space 3584K, 99% used [0x00000000d7100000,0x00000000d747a2d0,0x00000000d7480000)
  to   space 4096K, 0% used [0x00000000d6d00000,0x00000000d6d00000,0x00000000d7100000)
 ParOldGen       total 68608K, used 10757K [0x0000000080000000, 0x0000000084300000, 0x00000000d5580000)
  object space 68608K, 15% used [0x0000000080000000,0x0000000080a81710,0x0000000084300000)
 Metaspace       used 26430K, committed 27264K, reserved 1114112K
  class space    used 2558K, committed 2944K, reserved 1048576K
}
Event: 1.753 GC heap before
{Heap before GC invocations=10 (full 1):
 PSYoungGen      total 27648K, used 27624K [0x00000000d5580000, 0x00000000d7500000, 0x0000000100000000)
  eden space 24064K, 100% used [0x00000000d5580000,0x00000000d6d00000,0x00000000d6d00000)
  from space 3584K, 99% used [0x00000000d7100000,0x00000000d747a2d0,0x00000000d7480000)
  to   space 4096K, 0% used [0x00000000d6d00000,0x00000000d6d00000,0x00000000d7100000)
 ParOldGen       total 68608K, used 10757K [0x0000000080000000, 0x0000000084300000, 0x00000000d5580000)
  object space 68608K, 15% used [0x0000000080000000,0x0000000080a81710,0x0000000084300000)
 Metaspace       used 29914K, committed 30784K, reserved 1114112K
  class space    used 2974K, committed 3328K, reserved 1048576K
}
Event: 1.754 GC heap after
{Heap after GC invocations=10 (full 1):
 PSYoungGen      total 27648K, used 4091K [0x00000000d5580000, 0x00000000d7580000, 0x0000000100000000)
  eden space 23552K, 0% used [0x00000000d5580000,0x00000000d5580000,0x00000000d6c80000)
  from space 4096K, 99% used [0x00000000d6d00000,0x00000000d70fedc0,0x00000000d7100000)
  to   space 4608K, 0% used [0x00000000d7100000,0x00000000d7100000,0x00000000d7580000)
 ParOldGen       total 68608K, used 11547K [0x0000000080000000, 0x0000000084300000, 0x00000000d5580000)
  object space 68608K, 16% used [0x0000000080000000,0x0000000080b46c20,0x0000000084300000)
 Metaspace       used 29914K, committed 30784K, reserved 1114112K
  class space    used 2974K, committed 3328K, reserved 1048576K
}
Event: 1.934 GC heap before
{Heap before GC invocations=11 (full 1):
 PSYoungGen      total 27648K, used 27643K [0x00000000d5580000, 0x00000000d7580000, 0x0000000100000000)
  eden space 23552K, 100% used [0x00000000d5580000,0x00000000d6c80000,0x00000000d6c80000)
  from space 4096K, 99% used [0x00000000d6d00000,0x00000000d70fedc0,0x00000000d7100000)
  to   space 4608K, 0% used [0x00000000d7100000,0x00000000d7100000,0x00000000d7580000)
 ParOldGen       total 68608K, used 11547K [0x0000000080000000, 0x0000000084300000, 0x00000000d5580000)
  object space 68608K, 16% used [0x0000000080000000,0x0000000080b46c20,0x0000000084300000)
 Metaspace       used 32860K, committed 33728K, reserved 1114112K
  class space    used 3330K, committed 3648K, reserved 1048576K
}
Event: 1.936 GC heap after
{Heap after GC invocations=11 (full 1):
 PSYoungGen      total 25600K, used 2456K [0x00000000d5580000, 0x00000000d7380000, 0x0000000100000000)
  eden space 23040K, 0% used [0x00000000d5580000,0x00000000d5580000,0x00000000d6c00000)
  from space 2560K, 95% used [0x00000000d7100000,0x00000000d7366328,0x00000000d7380000)
  to   space 3072K, 0% used [0x00000000d6d80000,0x00000000d6d80000,0x00000000d7080000)
 ParOldGen       total 68608K, used 14144K [0x0000000080000000, 0x0000000084300000, 0x00000000d5580000)
  object space 68608K, 20% used [0x0000000080000000,0x0000000080dd01f8,0x0000000084300000)
 Metaspace       used 32860K, committed 33728K, reserved 1114112K
  class space    used 3330K, committed 3648K, reserved 1048576K
}
Event: 2.138 GC heap before
{Heap before GC invocations=12 (full 1):
 PSYoungGen      total 25600K, used 25442K [0x00000000d5580000, 0x00000000d7380000, 0x0000000100000000)
  eden space 23040K, 99% used [0x00000000d5580000,0x00000000d6bf26f8,0x00000000d6c00000)
  from space 2560K, 95% used [0x00000000d7100000,0x00000000d7366328,0x00000000d7380000)
  to   space 3072K, 0% used [0x00000000d6d80000,0x00000000d6d80000,0x00000000d7080000)
 ParOldGen       total 68608K, used 14144K [0x0000000080000000, 0x0000000084300000, 0x00000000d5580000)
  object space 68608K, 20% used [0x0000000080000000,0x0000000080dd01f8,0x0000000084300000)
 Metaspace       used 33871K, committed 34816K, reserved 1114112K
  class space    used 3457K, committed 3840K, reserved 1048576K
}
Event: 2.139 GC heap after
{Heap after GC invocations=12 (full 1):
 PSYoungGen      total 23040K, used 416K [0x00000000d5580000, 0x00000000d7180000, 0x0000000100000000)
  eden space 22528K, 0% used [0x00000000d5580000,0x00000000d5580000,0x00000000d6b80000)
  from space 512K, 81% used [0x00000000d6d80000,0x00000000d6de8000,0x00000000d6e00000)
  to   space 1536K, 0% used [0x00000000d7000000,0x00000000d7000000,0x00000000d7180000)
 ParOldGen       total 68608K, used 16489K [0x0000000080000000, 0x0000000084300000, 0x00000000d5580000)
  object space 68608K, 24% used [0x0000000080000000,0x000000008101a5f8,0x0000000084300000)
 Metaspace       used 33871K, committed 34816K, reserved 1114112K
  class space    used 3457K, committed 3840K, reserved 1048576K
}
Event: 2.270 GC heap before
{Heap before GC invocations=13 (full 1):
 PSYoungGen      total 23040K, used 13344K [0x00000000d5580000, 0x00000000d7180000, 0x0000000100000000)
  eden space 22528K, 57% used [0x00000000d5580000,0x00000000d62203d8,0x00000000d6b80000)
  from space 512K, 81% used [0x00000000d6d80000,0x00000000d6de8000,0x00000000d6e00000)
  to   space 1536K, 0% used [0x00000000d7000000,0x00000000d7000000,0x00000000d7180000)
 ParOldGen       total 68608K, used 16489K [0x0000000080000000, 0x0000000084300000, 0x00000000d5580000)
  object space 68608K, 24% used [0x0000000080000000,0x000000008101a5f8,0x0000000084300000)
 Metaspace       used 35004K, committed 35840K, reserved 1114112K
  class space    used 3572K, committed 3904K, reserved 1048576K
}
Event: 2.271 GC heap after
{Heap after GC invocations=13 (full 1):
 PSYoungGen      total 23552K, used 544K [0x00000000d5580000, 0x00000000d7100000, 0x0000000100000000)
  eden space 22528K, 0% used [0x00000000d5580000,0x00000000d5580000,0x00000000d6b80000)
  from space 1024K, 53% used [0x00000000d7000000,0x00000000d7088000,0x00000000d7100000)
  to   space 1024K, 0% used [0x00000000d6f00000,0x00000000d6f00000,0x00000000d7000000)
 ParOldGen       total 68608K, used 16745K [0x0000000080000000, 0x0000000084300000, 0x00000000d5580000)
  object space 68608K, 24% used [0x0000000080000000,0x000000008105a5f8,0x0000000084300000)
 Metaspace       used 35004K, committed 35840K, reserved 1114112K
  class space    used 3572K, committed 3904K, reserved 1048576K
}
Event: 2.271 GC heap before
{Heap before GC invocations=14 (full 2):
 PSYoungGen      total 23552K, used 544K [0x00000000d5580000, 0x00000000d7100000, 0x0000000100000000)
  eden space 22528K, 0% used [0x00000000d5580000,0x00000000d5580000,0x00000000d6b80000)
  from space 1024K, 53% used [0x00000000d7000000,0x00000000d7088000,0x00000000d7100000)
  to   space 1024K, 0% used [0x00000000d6f00000,0x00000000d6f00000,0x00000000d7000000)
 ParOldGen       total 68608K, used 16745K [0x0000000080000000, 0x0000000084300000, 0x00000000d5580000)
  object space 68608K, 24% used [0x0000000080000000,0x000000008105a5f8,0x0000000084300000)
 Metaspace       used 35004K, committed 35840K, reserved 1114112K
  class space    used 3572K, committed 3904K, reserved 1048576K
}
Event: 2.286 GC heap after
{Heap after GC invocations=14 (full 2):
 PSYoungGen      total 23552K, used 0K [0x00000000d5580000, 0x00000000d7100000, 0x0000000100000000)
  eden space 22528K, 0% used [0x00000000d5580000,0x00000000d5580000,0x00000000d6b80000)
  from space 1024K, 0% used [0x00000000d7000000,0x00000000d7000000,0x00000000d7100000)
  to   space 1024K, 0% used [0x00000000d6f00000,0x00000000d6f00000,0x00000000d7000000)
 ParOldGen       total 68608K, used 16627K [0x0000000080000000, 0x0000000084300000, 0x00000000d5580000)
  object space 68608K, 24% used [0x0000000080000000,0x000000008103cf40,0x0000000084300000)
 Metaspace       used 35004K, committed 35840K, reserved 1114112K
  class space    used 3572K, committed 3904K, reserved 1048576K
}
Event: 2.418 GC heap before
{Heap before GC invocations=15 (full 2):
 PSYoungGen      total 23552K, used 22528K [0x00000000d5580000, 0x00000000d7100000, 0x0000000100000000)
  eden space 22528K, 100% used [0x00000000d5580000,0x00000000d6b80000,0x00000000d6b80000)
  from space 1024K, 0% used [0x00000000d7000000,0x00000000d7000000,0x00000000d7100000)
  to   space 1024K, 0% used [0x00000000d6f00000,0x00000000d6f00000,0x00000000d7000000)
 ParOldGen       total 68608K, used 16627K [0x0000000080000000, 0x0000000084300000, 0x00000000d5580000)
  object space 68608K, 24% used [0x0000000080000000,0x000000008103cf40,0x0000000084300000)
 Metaspace       used 36815K, committed 37696K, reserved 1114112K
  class space    used 3718K, committed 4096K, reserved 1048576K
}
Event: 2.419 GC heap after
{Heap after GC invocations=15 (full 2):
 PSYoungGen      total 23040K, used 864K [0x00000000d5580000, 0x00000000d7080000, 0x0000000100000000)
  eden space 22016K, 0% used [0x00000000d5580000,0x00000000d5580000,0x00000000d6b00000)
  from space 1024K, 84% used [0x00000000d6f00000,0x00000000d6fd8020,0x00000000d7000000)
  to   space 512K, 0% used [0x00000000d7000000,0x00000000d7000000,0x00000000d7080000)
 ParOldGen       total 68608K, used 16635K [0x0000000080000000, 0x0000000084300000, 0x00000000d5580000)
  object space 68608K, 24% used [0x0000000080000000,0x000000008103ef40,0x0000000084300000)
 Metaspace       used 36815K, committed 37696K, reserved 1114112K
  class space    used 3718K, committed 4096K, reserved 1048576K
}
Event: 2.464 GC heap before
{Heap before GC invocations=16 (full 2):
 PSYoungGen      total 23040K, used 22879K [0x00000000d5580000, 0x00000000d7080000, 0x0000000100000000)
  eden space 22016K, 99% used [0x00000000d5580000,0x00000000d6affdf8,0x00000000d6b00000)
  from space 1024K, 84% used [0x00000000d6f00000,0x00000000d6fd8020,0x00000000d7000000)
  to   space 512K, 0% used [0x00000000d7000000,0x00000000d7000000,0x00000000d7080000)
 ParOldGen       total 68608K, used 16635K [0x0000000080000000, 0x0000000084300000, 0x00000000d5580000)
  object space 68608K, 24% used [0x0000000080000000,0x000000008103ef40,0x0000000084300000)
 Metaspace       used 37176K, committed 37952K, reserved 1114112K
  class space    used 3758K, committed 4096K, reserved 1048576K
}
Event: 2.465 GC heap after
{Heap after GC invocations=16 (full 2):
 PSYoungGen      total 22528K, used 487K [0x00000000d5580000, 0x00000000d7500000, 0x0000000100000000)
  eden space 22016K, 0% used [0x00000000d5580000,0x00000000d5580000,0x00000000d6b00000)
  from space 512K, 95% used [0x00000000d7000000,0x00000000d7079c00,0x00000000d7080000)
  to   space 5120K, 0% used [0x00000000d6b00000,0x00000000d6b00000,0x00000000d7000000)
 ParOldGen       total 68608K, used 20263K [0x0000000080000000, 0x0000000084300000, 0x00000000d5580000)
  object space 68608K, 29% used [0x0000000080000000,0x00000000813c9f10,0x0000000084300000)
 Metaspace       used 37176K, committed 37952K, reserved 1114112K
  class space    used 3758K, committed 4096K, reserved 1048576K
}

Dll operation events (10 events):
Event: 0.007 Loaded shared library c:\Users\Administrator\.trae-cn\extensions\redhat.java-1.54.0-win32-x64\jre\21.0.10-win32-x86_64\bin\java.dll
Event: 0.043 Loaded shared library c:\Users\Administrator\.trae-cn\extensions\redhat.java-1.54.0-win32-x64\jre\21.0.10-win32-x86_64\bin\zip.dll
Event: 0.077 Loaded shared library C:\Users\Administrator\.trae-cn\extensions\redhat.java-1.54.0-win32-x64\jre\21.0.10-win32-x86_64\bin\instrument.dll
Event: 0.088 Loaded shared library C:\Users\Administrator\.trae-cn\extensions\redhat.java-1.54.0-win32-x64\jre\21.0.10-win32-x86_64\bin\net.dll
Event: 0.091 Loaded shared library C:\Users\Administrator\.trae-cn\extensions\redhat.java-1.54.0-win32-x64\jre\21.0.10-win32-x86_64\bin\nio.dll
Event: 0.093 Loaded shared library C:\Users\Administrator\.trae-cn\extensions\redhat.java-1.54.0-win32-x64\jre\21.0.10-win32-x86_64\bin\zip.dll
Event: 0.107 Loaded shared library C:\Users\Administrator\.trae-cn\extensions\redhat.java-1.54.0-win32-x64\jre\21.0.10-win32-x86_64\bin\jimage.dll
Event: 0.152 Loaded shared library c:\Users\Administrator\.trae-cn\extensions\redhat.java-1.54.0-win32-x64\jre\21.0.10-win32-x86_64\bin\verify.dll
Event: 0.767 Loaded shared library C:\Users\Administrator\AppData\Roaming\Trae CN\User\globalStorage\redhat.java\1.54.0\config_ss_win\org.eclipse.equinox.launcher\org.eclipse.equinox.launcher.win32.win32.x86_64_1.3.0.v20260203-2149\eclipse_11919.dll
Event: 1.158 Loaded shared library C:\Users\Administrator\AppData\Local\Temp\jna-146731693\jna2554846586054684718.dll

Deoptimization events (20 events):
Event: 2.509 Thread 0x0000026670e92f60 Uncommon trap: trap_request=0xffffffbe fr.pc=0x000002661ce57830 relative=0x00000000000025d0
Event: 2.509 Thread 0x0000026670e92f60 Uncommon trap: reason=profile_predicate action=maybe_recompile pc=0x000002661ce57830 method=org.eclipse.osgi.internal.loader.BundleLoader.searchHooks(Ljava/lang/String;I)Ljava/lang/Object; @ 186 c2
Event: 2.509 Thread 0x0000026670e92f60 DEOPT PACKING pc=0x000002661ce57830 sp=0x000000efa3af8f10
Event: 2.509 Thread 0x0000026670e92f60 DEOPT UNPACKING pc=0x000002661c6d3aa2 sp=0x000000efa3af8f18 mode 2
Event: 2.568 Thread 0x00000266729cc420 Uncommon trap: trap_request=0xffffffde fr.pc=0x000002661cd20214 relative=0x0000000000000ed4
Event: 2.568 Thread 0x00000266729cc420 Uncommon trap: reason=class_check action=maybe_recompile pc=0x000002661cd20214 method=java.lang.reflect.Field.get(Ljava/lang/Object;)Ljava/lang/Object; @ 33 c2
Event: 2.568 Thread 0x00000266729cc420 DEOPT PACKING pc=0x000002661cd20214 sp=0x000000efa60fe740
Event: 2.568 Thread 0x00000266729cc420 DEOPT UNPACKING pc=0x000002661c6d3aa2 sp=0x000000efa60fe7b0 mode 2
Event: 2.575 Thread 0x00000266729cc420 Uncommon trap: trap_request=0xffffff6e fr.pc=0x000002661ce6bf1c relative=0x00000000000003dc
Event: 2.575 Thread 0x00000266729cc420 Uncommon trap: reason=loop_limit_check action=maybe_recompile pc=0x000002661ce6bf1c method=org.eclipse.jdt.internal.compiler.classfmt.ClassFileStruct.utf8At(II)[C @ 143 c2
Event: 2.575 Thread 0x00000266729cc420 DEOPT PACKING pc=0x000002661ce6bf1c sp=0x000000efa60fe620
Event: 2.575 Thread 0x00000266729cc420 DEOPT UNPACKING pc=0x000002661c6d3aa2 sp=0x000000efa60fe5b8 mode 2
Event: 2.577 Thread 0x00000266729cc420 Uncommon trap: trap_request=0xffffff45 fr.pc=0x000002661cd29160 relative=0x00000000000000c0
Event: 2.577 Thread 0x00000266729cc420 Uncommon trap: reason=unstable_if action=reinterpret pc=0x000002661cd29160 method=java.util.Hashtable$Enumerator.nextElement()Ljava/lang/Object; @ 87 c2
Event: 2.577 Thread 0x00000266729cc420 DEOPT PACKING pc=0x000002661cd29160 sp=0x000000efa60ff1c0
Event: 2.577 Thread 0x00000266729cc420 DEOPT UNPACKING pc=0x000002661c6d3aa2 sp=0x000000efa60ff0e8 mode 2
Event: 2.580 Thread 0x0000026670e92f60 Uncommon trap: trap_request=0xffffff45 fr.pc=0x000002661cc414b8 relative=0x0000000000000098
Event: 2.580 Thread 0x0000026670e92f60 Uncommon trap: reason=unstable_if action=reinterpret pc=0x000002661cc414b8 method=java.util.Hashtable$Enumerator.nextElement()Ljava/lang/Object; @ 87 c2
Event: 2.580 Thread 0x0000026670e92f60 DEOPT PACKING pc=0x000002661cc414b8 sp=0x000000efa3afdff0
Event: 2.580 Thread 0x0000026670e92f60 DEOPT UNPACKING pc=0x000002661c6d3aa2 sp=0x000000efa3afdf78 mode 2

Classes loaded (20 events):
Event: 2.318 Loading class java/util/Hashtable$ValueCollection
Event: 2.318 Loading class java/util/Hashtable$ValueCollection done
Event: 2.372 Loading class java/util/WeakHashMap$KeyIterator
Event: 2.372 Loading class java/util/WeakHashMap$KeyIterator done
Event: 2.423 Loading class java/util/concurrent/ForkJoinTask$AdaptedCallable
Event: 2.423 Loading class java/util/concurrent/ForkJoinTask$AdaptedCallable done
Event: 2.462 Loading class java/util/concurrent/CompletableFuture$UniApply
Event: 2.462 Loading class java/util/concurrent/CompletableFuture$UniCompletion
Event: 2.462 Loading class java/util/concurrent/CompletableFuture$UniCompletion done
Event: 2.462 Loading class java/util/concurrent/CompletableFuture$UniApply done
Event: 2.462 Loading class java/util/concurrent/CancellationException
Event: 2.462 Loading class java/util/concurrent/CancellationException done
Event: 2.463 Loading class java/util/concurrent/CompletableFuture$UniAccept
Event: 2.463 Loading class java/util/concurrent/CompletableFuture$UniAccept done
Event: 2.463 Loading class java/util/concurrent/CompletableFuture$UniExceptionally
Event: 2.463 Loading class java/util/concurrent/CompletableFuture$UniExceptionally done
Event: 2.535 Loading class java/util/concurrent/ArrayBlockingQueue
Event: 2.535 Loading class java/util/concurrent/ArrayBlockingQueue done
Event: 2.581 Loading class java/util/concurrent/ConcurrentHashMap$KeySpliterator
Event: 2.581 Loading class java/util/concurrent/ConcurrentHashMap$KeySpliterator done

Classes unloaded (7 events):
Event: 1.361 Thread 0x0000026611ed4d40 Unloading class 0x000002662a18c400 'java/lang/invoke/LambdaForm$MH+0x000002662a18c400'
Event: 1.361 Thread 0x0000026611ed4d40 Unloading class 0x000002662a18c000 'java/lang/invoke/LambdaForm$MH+0x000002662a18c000'
Event: 1.361 Thread 0x0000026611ed4d40 Unloading class 0x000002662a18bc00 'java/lang/invoke/LambdaForm$MH+0x000002662a18bc00'
Event: 1.361 Thread 0x0000026611ed4d40 Unloading class 0x000002662a18b800 'java/lang/invoke/LambdaForm$MH+0x000002662a18b800'
Event: 1.361 Thread 0x0000026611ed4d40 Unloading class 0x000002662a18b400 'java/lang/invoke/LambdaForm$BMH+0x000002662a18b400'
Event: 1.361 Thread 0x0000026611ed4d40 Unloading class 0x000002662a18b000 'java/lang/invoke/LambdaForm$DMH+0x000002662a18b000'
Event: 1.361 Thread 0x0000026611ed4d40 Unloading class 0x000002662a18a000 'java/lang/invoke/LambdaForm$DMH+0x000002662a18a000'

Classes redefined (0 events):
No events

Internal exceptions (20 events):
Event: 1.765 Thread 0x0000026671546020 Exception <a 'sun/nio/fs/WindowsException'{0x00000000d59c88b8}> (0x00000000d59c88b8) 
thrown [s\src\hotspot\share\prims\jni.cpp, line 520]
Event: 1.784 Thread 0x0000026671546020 Exception <a 'java/lang/IncompatibleClassChangeError'{0x00000000d5ccbf18}: Found class java.lang.Object, but interface was expected> (0x00000000d5ccbf18) 
thrown [s\src\hotspot\share\interpreter\linkResolver.cpp, line 840]
Event: 1.896 Thread 0x0000026671546020 Exception <a 'java/lang/NoSuchMethodError'{0x00000000d69a1620}: 'java.lang.Object java.lang.invoke.DirectMethodHandle$Holder.invokeVirtual(java.lang.Object, java.lang.Object, int)'> (0x00000000d69a1620) 
thrown [s\src\hotspot\share\interpreter\linkResolver.cpp, line 773]
Event: 1.896 Thread 0x0000026671546020 Implicit null exception at 0x000002661cdcfef7 to 0x000002661cdd0168
Event: 2.146 Thread 0x0000026671546020 Implicit null exception at 0x000002661ce3205a to 0x000002661ce32bb8
Event: 2.270 Thread 0x0000026671546020 Exception <a 'java/lang/NoSuchMethodError'{0x00000000d6209398}: 'java.lang.Object java.lang.invoke.DirectMethodHandle$Holder.invokeStatic(java.lang.Object, java.lang.Object, int, int)'> (0x00000000d6209398) 
thrown [s\src\hotspot\share\interpreter\linkResolver.cpp, line 773]
Event: 2.270 Thread 0x0000026671546020 Exception <a 'java/lang/NoSuchMethodError'{0x00000000d620d6a8}: 'java.lang.Object java.lang.invoke.DirectMethodHandle$Holder.invokeSpecial(java.lang.Object, java.lang.Object, java.lang.Object, int, int)'> (0x00000000d620d6a8) 
thrown [s\src\hotspot\share\interpreter\linkResolver.cpp, line 773]
Event: 2.378 Thread 0x0000026670e92f60 Exception <a 'java/lang/NoSuchMethodError'{0x00000000d5e79ce0}: 'int java.lang.invoke.DirectMethodHandle$Holder.invokeStatic(java.lang.Object)'> (0x00000000d5e79ce0) 
thrown [s\src\hotspot\share\interpreter\linkResolver.cpp, line 773]
Event: 2.384 Thread 0x0000026670e92f60 Exception <a 'java/io/FileNotFoundException'{0x00000000d6105ba8}> (0x00000000d6105ba8) 
thrown [s\src\hotspot\share\prims\jni.cpp, line 520]
Event: 2.385 Thread 0x0000026670e92f60 Exception <a 'java/io/FileNotFoundException'{0x00000000d615cde8}> (0x00000000d615cde8) 
thrown [s\src\hotspot\share\prims\jni.cpp, line 520]
Event: 2.385 Thread 0x0000026670e92f60 Exception <a 'java/io/FileNotFoundException'{0x00000000d615e080}> (0x00000000d615e080) 
thrown [s\src\hotspot\share\prims\jni.cpp, line 520]
Event: 2.422 Thread 0x0000026670e92f60 Exception <a 'sun/nio/fs/WindowsException'{0x00000000d56111a8}> (0x00000000d56111a8) 
thrown [s\src\hotspot\share\prims\jni.cpp, line 520]
Event: 2.424 Thread 0x000002667154a850 Exception <a 'sun/nio/fs/WindowsException'{0x00000000d562dbf0}> (0x00000000d562dbf0) 
thrown [s\src\hotspot\share\prims\jni.cpp, line 520]
Event: 2.424 Thread 0x0000026671548780 Exception <a 'sun/nio/fs/WindowsException'{0x00000000d56402b8}> (0x00000000d56402b8) 
thrown [s\src\hotspot\share\prims\jni.cpp, line 520]
Event: 2.425 Thread 0x0000026671547a60 Exception <a 'sun/nio/fs/WindowsException'{0x00000000d5677948}> (0x00000000d5677948) 
thrown [s\src\hotspot\share\prims\jni.cpp, line 520]
Event: 2.460 Thread 0x0000026671546020 Exception <a 'java/lang/IncompatibleClassChangeError'{0x00000000d676cb30}: Found class java.lang.Object, but interface was expected> (0x00000000d676cb30) 
thrown [s\src\hotspot\share\interpreter\linkResolver.cpp, line 840]
Event: 2.488 Thread 0x0000026670e92f60 Implicit null exception at 0x000002661cc8cb10 to 0x000002661cc8cccd
Event: 2.489 Thread 0x0000026670e92f60 Implicit null exception at 0x000002661cc6e652 to 0x000002661cc6e70e
Event: 2.494 Thread 0x0000026670e92f60 Exception <a 'java/lang/NoSuchMethodError'{0x00000000d5eb3df0}: 'int java.lang.invoke.DirectMethodHandle$Holder.invokeSpecialIFC(java.lang.Object, java.lang.Object, java.lang.Object)'> (0x00000000d5eb3df0) 
thrown [s\src\hotspot\share\interpreter\linkResolver.cpp, line 773]
Event: 2.583 Thread 0x0000026670e92f60 Exception <a 'java/lang/NoSuchMethodError'{0x00000000d6405b60}: 'java.lang.Object java.lang.invoke.DirectMethodHandle$Holder.newInvokeSpecial(java.lang.Object, java.lang.Object, int, int, java.lang.Object)'> (0x00000000d6405b60) 
thrown [s\src\hotspot\share\interpreter\linkResolver.cpp, line 773]

ZGC Phase Switch (0 events):
No events

VM Operations (20 events):
Event: 1.646 Executing safepoint VM operation: ParallelGCFailedAllocation (Allocation Failure)
Event: 1.648 Executing safepoint VM operation: ParallelGCFailedAllocation (Allocation Failure) done
Event: 1.749 Executing non-safepoint VM operation: HandshakeAllThreads (Deoptimize)
Event: 1.749 Executing non-safepoint VM operation: HandshakeAllThreads (Deoptimize) done
Event: 1.752 Executing safepoint VM operation: ParallelGCFailedAllocation (Allocation Failure)
Event: 1.754 Executing safepoint VM operation: ParallelGCFailedAllocation (Allocation Failure) done
Event: 1.934 Executing safepoint VM operation: ParallelGCFailedAllocation (Allocation Failure)
Event: 1.936 Executing safepoint VM operation: ParallelGCFailedAllocation (Allocation Failure) done
Event: 2.138 Executing safepoint VM operation: ParallelGCFailedAllocation (Allocation Failure)
Event: 2.139 Executing safepoint VM operation: ParallelGCFailedAllocation (Allocation Failure) done
Event: 2.270 Executing safepoint VM operation: CollectForMetadataAllocation (Metadata GC Threshold)
Event: 2.286 Executing safepoint VM operation: CollectForMetadataAllocation (Metadata GC Threshold) done
Event: 2.418 Executing safepoint VM operation: ParallelGCFailedAllocation (Allocation Failure)
Event: 2.419 Executing safepoint VM operation: ParallelGCFailedAllocation (Allocation Failure) done
Event: 2.444 Executing non-safepoint VM operation: HandshakeAllThreads (Deoptimize)
Event: 2.444 Executing non-safepoint VM operation: HandshakeAllThreads (Deoptimize) done
Event: 2.463 Executing safepoint VM operation: ParallelGCFailedAllocation (Allocation Failure)
Event: 2.465 Executing safepoint VM operation: ParallelGCFailedAllocation (Allocation Failure) done
Event: 2.531 Executing non-safepoint VM operation: HandshakeAllThreads (Deoptimize)
Event: 2.531 Executing non-safepoint VM operation: HandshakeAllThreads (Deoptimize) done

Memory protections (0 events):
No events

Nmethod flushes (20 events):
Event: 2.278 Thread 0x0000026611ed4d40 flushing  nmethod 0x0000026615522e10
Event: 2.278 Thread 0x0000026611ed4d40 flushing  nmethod 0x000002661552f590
Event: 2.278 Thread 0x0000026611ed4d40 flushing  nmethod 0x0000026615570310
Event: 2.278 Thread 0x0000026611ed4d40 flushing  nmethod 0x000002661557cf10
Event: 2.278 Thread 0x0000026611ed4d40 flushing  nmethod 0x0000026615580290
Event: 2.278 Thread 0x0000026611ed4d40 flushing  nmethod 0x00000266155a9c10
Event: 2.278 Thread 0x0000026611ed4d40 flushing  nmethod 0x00000266155ae690
Event: 2.278 Thread 0x0000026611ed4d40 flushing  nmethod 0x0000026615633a10
Event: 2.278 Thread 0x0000026611ed4d40 flushing  nmethod 0x0000026615653490
Event: 2.278 Thread 0x0000026611ed4d40 flushing  nmethod 0x0000026615655210
Event: 2.278 Thread 0x0000026611ed4d40 flushing  nmethod 0x0000026615655c10
Event: 2.278 Thread 0x0000026611ed4d40 flushing  nmethod 0x000002661566e410
Event: 2.278 Thread 0x0000026611ed4d40 flushing  nmethod 0x0000026615670590
Event: 2.278 Thread 0x0000026611ed4d40 flushing  nmethod 0x0000026615693110
Event: 2.278 Thread 0x0000026611ed4d40 flushing  nmethod 0x00000266156ab490
Event: 2.278 Thread 0x0000026611ed4d40 flushing  nmethod 0x00000266156c6b90
Event: 2.278 Thread 0x0000026611ed4d40 flushing  nmethod 0x00000266156e8110
Event: 2.278 Thread 0x0000026611ed4d40 flushing  nmethod 0x00000266156e8990
Event: 2.278 Thread 0x0000026611ed4d40 flushing  nmethod 0x00000266156e9310
Event: 2.278 Thread 0x0000026611ed4d40 flushing  nmethod 0x000002661570d090

Events (20 events):
Event: 1.717 Thread 0x0000026611f3f260 Thread added: 0x0000026671546020
Event: 2.423 Thread 0x0000026670e92f60 Thread added: 0x000002667154a850
Event: 2.424 Thread 0x000002667154a850 Thread added: 0x0000026671548780
Event: 2.424 Thread 0x000002667154a850 Thread added: 0x00000266715494a0
Event: 2.425 Thread 0x00000266715494a0 Thread added: 0x00000266715473d0
Event: 2.425 Thread 0x0000026671548780 Thread added: 0x0000026671547a60
Event: 2.425 Thread 0x00000266715473d0 Thread added: 0x00000266715480f0
Event: 2.425 Thread 0x0000026671547a60 Thread added: 0x0000026671548e10
Event: 2.425 Thread 0x00000266715480f0 Thread added: 0x0000026672d1def0
Event: 2.425 Thread 0x0000026671548e10 Thread added: 0x0000026672d1c4b0
Event: 2.441 Thread 0x0000026670e92f60 Thread added: 0x0000026672d1cb40
Event: 2.441 Thread 0x0000026670e92f60 Thread added: 0x0000026672d1b790
Event: 2.441 Thread 0x0000026670e92f60 Thread added: 0x0000026672d1d860
Event: 2.441 Thread 0x0000026670e92f60 Thread added: 0x0000026672d1be20
Event: 2.441 Thread 0x0000026670e92f60 Thread added: 0x0000026672d1e580
Event: 2.441 Thread 0x0000026670e92f60 Thread added: 0x0000026672d1b100
Event: 2.441 Thread 0x0000026670e92f60 Thread added: 0x0000026672d1d1d0
Event: 2.463 Thread 0x0000026671546020 Thread added: 0x00000266729c9630
Event: 2.536 Thread 0x0000026670e92f60 Thread added: 0x00000266729cc420
Event: 2.583 Thread 0x0000026670e92f60 Thread added: 0x00000266729c8fa0


Dynamic libraries:
0x00007ff7d7ef0000 - 0x00007ff7d7efe000 	c:\Users\Administrator\.trae-cn\extensions\redhat.java-1.54.0-win32-x64\jre\21.0.10-win32-x86_64\bin\java.exe
0x00007ffa15550000 - 0x00007ffa15747000 	C:\Windows\SYSTEM32\ntdll.dll
0x00007ffa141c0000 - 0x00007ffa1427d000 	C:\Windows\System32\KERNEL32.DLL
0x00007ffa13100000 - 0x00007ffa133f6000 	C:\Windows\System32\KERNELBASE.dll
0x00007ffa12d00000 - 0x00007ffa12e00000 	C:\Windows\System32\ucrtbase.dll
0x00007ffa101d0000 - 0x00007ffa101e8000 	c:\Users\Administrator\.trae-cn\extensions\redhat.java-1.54.0-win32-x64\jre\21.0.10-win32-x86_64\bin\jli.dll
0x00007ffa101b0000 - 0x00007ffa101ce000 	c:\Users\Administrator\.trae-cn\extensions\redhat.java-1.54.0-win32-x64\jre\21.0.10-win32-x86_64\bin\VCRUNTIME140.dll
0x00007ffa13840000 - 0x00007ffa139de000 	C:\Windows\System32\USER32.dll
0x00007ffa12cd0000 - 0x00007ffa12cf2000 	C:\Windows\System32\win32u.dll
0x00007ffa13ba0000 - 0x00007ffa13bcc000 	C:\Windows\System32\GDI32.dll
0x00007ffa12e00000 - 0x00007ffa12f1a000 	C:\Windows\System32\gdi32full.dll
0x00007ff9f85b0000 - 0x00007ff9f884a000 	C:\Windows\WinSxS\amd64_microsoft.windows.common-controls_6595b64144ccf1df_6.0.19041.3570_none_60bb2a3971f3e41a\COMCTL32.dll
0x00007ffa12fb0000 - 0x00007ffa1304d000 	C:\Windows\System32\msvcp_win.dll
0x00007ffa13be0000 - 0x00007ffa13c7e000 	C:\Windows\System32\msvcrt.dll
0x00007ffa15390000 - 0x00007ffa153c0000 	C:\Windows\System32\IMM32.DLL
0x00007ffa101a0000 - 0x00007ffa101ac000 	c:\Users\Administrator\.trae-cn\extensions\redhat.java-1.54.0-win32-x64\jre\21.0.10-win32-x86_64\bin\vcruntime140_1.dll
0x00007ff9f9180000 - 0x00007ff9f920d000 	c:\Users\Administrator\.trae-cn\extensions\redhat.java-1.54.0-win32-x64\jre\21.0.10-win32-x86_64\bin\msvcp140.dll
0x00007ff95ac70000 - 0x00007ff95ba11000 	c:\Users\Administrator\.trae-cn\extensions\redhat.java-1.54.0-win32-x64\jre\21.0.10-win32-x86_64\bin\server\jvm.dll
0x00007ffa135b0000 - 0x00007ffa1365e000 	C:\Windows\System32\ADVAPI32.dll
0x00007ffa152f0000 - 0x00007ffa1538c000 	C:\Windows\System32\sechost.dll
0x00007ffa13c80000 - 0x00007ffa13da6000 	C:\Windows\System32\RPCRT4.dll
0x00007ffa149d0000 - 0x00007ffa14a3b000 	C:\Windows\System32\WS2_32.dll
0x00007ffa12190000 - 0x00007ffa121db000 	C:\Windows\SYSTEM32\POWRPROF.dll
0x00007ffa0c450000 - 0x00007ffa0c477000 	C:\Windows\SYSTEM32\WINMM.dll
0x00007ffa0a690000 - 0x00007ffa0a69a000 	C:\Windows\SYSTEM32\VERSION.dll
0x00007ffa12050000 - 0x00007ffa12062000 	C:\Windows\SYSTEM32\UMPDC.dll
0x00007ffa10af0000 - 0x00007ffa10b02000 	C:\Windows\SYSTEM32\kernel.appcore.dll
0x00007ffa07330000 - 0x00007ffa0733a000 	c:\Users\Administrator\.trae-cn\extensions\redhat.java-1.54.0-win32-x64\jre\21.0.10-win32-x86_64\bin\jimage.dll
0x00007ffa07bc0000 - 0x00007ffa07da4000 	C:\Windows\SYSTEM32\DBGHELP.DLL
0x00007ffa079b0000 - 0x00007ffa079e4000 	C:\Windows\SYSTEM32\dbgcore.DLL
0x00007ffa12f20000 - 0x00007ffa12fa2000 	C:\Windows\System32\bcryptPrimitives.dll
0x00007ffa07320000 - 0x00007ffa0732f000 	c:\Users\Administrator\.trae-cn\extensions\redhat.java-1.54.0-win32-x64\jre\21.0.10-win32-x86_64\bin\instrument.dll
0x00007ffa07300000 - 0x00007ffa07320000 	c:\Users\Administrator\.trae-cn\extensions\redhat.java-1.54.0-win32-x64\jre\21.0.10-win32-x86_64\bin\java.dll
0x00007ffa14280000 - 0x00007ffa149c4000 	C:\Windows\System32\SHELL32.dll
0x00007ffa10cf0000 - 0x00007ffa1148b000 	C:\Windows\SYSTEM32\windows.storage.dll
0x00007ffa13db0000 - 0x00007ffa14104000 	C:\Windows\System32\combase.dll
0x00007ffa12670000 - 0x00007ffa1269d000 	C:\Windows\SYSTEM32\Wldp.dll
0x00007ffa14110000 - 0x00007ffa141bd000 	C:\Windows\System32\SHCORE.dll
0x00007ffa14b30000 - 0x00007ffa14b85000 	C:\Windows\System32\shlwapi.dll
0x00007ffa12b60000 - 0x00007ffa12b85000 	C:\Windows\SYSTEM32\profapi.dll
0x00007ffa072e0000 - 0x00007ffa072f8000 	c:\Users\Administrator\.trae-cn\extensions\redhat.java-1.54.0-win32-x64\jre\21.0.10-win32-x86_64\bin\zip.dll
0x00007ffa072d0000 - 0x00007ffa072e0000 	C:\Users\Administrator\.trae-cn\extensions\redhat.java-1.54.0-win32-x64\jre\21.0.10-win32-x86_64\bin\net.dll
0x00007ffa0c9f0000 - 0x00007ffa0cafa000 	C:\Windows\SYSTEM32\WINHTTP.dll
0x00007ffa123d0000 - 0x00007ffa1243a000 	C:\Windows\system32\mswsock.dll
0x00007ffa007d0000 - 0x00007ffa007e6000 	C:\Users\Administrator\.trae-cn\extensions\redhat.java-1.54.0-win32-x64\jre\21.0.10-win32-x86_64\bin\nio.dll
0x00007ffa072c0000 - 0x00007ffa072d0000 	c:\Users\Administrator\.trae-cn\extensions\redhat.java-1.54.0-win32-x64\jre\21.0.10-win32-x86_64\bin\verify.dll
0x00007ff9f5430000 - 0x00007ff9f5475000 	C:\Users\Administrator\AppData\Roaming\Trae CN\User\globalStorage\redhat.java\1.54.0\config_ss_win\org.eclipse.equinox.launcher\org.eclipse.equinox.launcher.win32.win32.x86_64_1.3.0.v20260203-2149\eclipse_11919.dll
0x00007ffa14b90000 - 0x00007ffa14cbb000 	C:\Windows\System32\ole32.dll
0x00007ffa125c0000 - 0x00007ffa125d8000 	C:\Windows\SYSTEM32\CRYPTSP.dll
0x00007ffa11c70000 - 0x00007ffa11ca4000 	C:\Windows\system32\rsaenh.dll
0x00007ffa12c30000 - 0x00007ffa12c57000 	C:\Windows\System32\bcrypt.dll
0x00007ffa12b20000 - 0x00007ffa12b4e000 	C:\Windows\SYSTEM32\USERENV.dll
0x00007ffa125e0000 - 0x00007ffa125ec000 	C:\Windows\SYSTEM32\CRYPTBASE.dll
0x00007ffa12070000 - 0x00007ffa120ab000 	C:\Windows\SYSTEM32\IPHLPAPI.DLL
0x00007ffa153c0000 - 0x00007ffa153c8000 	C:\Windows\System32\NSI.dll
0x00007ff9d26d0000 - 0x00007ff9d2719000 	C:\Users\Administrator\AppData\Local\Temp\jna-146731693\jna2554846586054684718.dll
0x00007ffa139e0000 - 0x00007ffa139e8000 	C:\Windows\System32\PSAPI.DLL
0x00007ffa0dab0000 - 0x00007ffa0dac7000 	C:\Windows\SYSTEM32\dhcpcsvc6.DLL
0x00007ffa0da90000 - 0x00007ffa0daad000 	C:\Windows\SYSTEM32\dhcpcsvc.DLL

JVMTI agents:
c:\Users\Administrator\.trae-cn\extensions\redhat.java-1.54.0-win32-x64\lombok\lombok-1.18.39-4050.jar path:c:\Users\Administrator\.trae-cn\extensions\redhat.java-1.54.0-win32-x64\jre\21.0.10-win32-x86_64\bin\instrument.dll, loaded, initialized, instrumentlib options:none

dbghelp: loaded successfully - version: 4.0.5 - missing functions: none
symbol engine: initialized successfully - sym options: 0x614 - pdb path: .;c:\Users\Administrator\.trae-cn\extensions\redhat.java-1.54.0-win32-x64\jre\21.0.10-win32-x86_64\bin;C:\Windows\SYSTEM32;C:\Windows\WinSxS\amd64_microsoft.windows.common-controls_6595b64144ccf1df_6.0.19041.3570_none_60bb2a3971f3e41a;c:\Users\Administrator\.trae-cn\extensions\redhat.java-1.54.0-win32-x64\jre\21.0.10-win32-x86_64\bin\server;C:\Users\Administrator\AppData\Roaming\Trae CN\User\globalStorage\redhat.java\1.54.0\config_ss_win\org.eclipse.equinox.launcher\org.eclipse.equinox.launcher.win32.win32.x86_64_1.3.0.v20260203-2149;C:\Users\Administrator\AppData\Local\Temp\jna-146731693

VM Arguments:
jvm_args: --add-modules=ALL-SYSTEM --add-opens=java.base/java.util=ALL-UNNAMED --add-opens=java.base/java.lang=ALL-UNNAMED --add-opens=java.base/sun.nio.fs=ALL-UNNAMED -Declipse.application=org.eclipse.jdt.ls.core.id1 -Dosgi.bundles.defaultStartLevel=4 -Declipse.product=org.eclipse.jdt.ls.core.product -Djava.import.generatesMetadataFilesAtProjectRoot=false -DDetectVMInstallationsJob.disabled=true -Dfile.encoding=utf8 -XX:+UseParallelGC -XX:GCTimeRatio=4 -XX:AdaptiveSizePolicyWeight=90 -Dsun.zip.disableMemoryMapping=true -Xmx2G -Xms100m -Xlog:disable -javaagent:c:\Users\Administrator\.trae-cn\extensions\redhat.java-1.54.0-win32-x64\lombok\lombok-1.18.39-4050.jar 
java_command: c:\Users\Administrator\.trae-cn\extensions\redhat.java-1.54.0-win32-x64\server\plugins\org.eclipse.equinox.launcher_1.7.100.v20251111-0406.jar -configuration c:\Users\Administrator\AppData\Roaming\Trae CN\User\globalStorage\redhat.java\1.54.0\config_ss_win -data c:\Users\Administrator\AppData\Roaming\Trae CN\User\workspaceStorage\87619ee848e456e4662c54439ca42d22\redhat.java\ss_ws --pipe=\\.\pipe\lsp-50f236952afac9063f89a25cd88c2e67-sock
java_class_path (initial): c:\Users\Administrator\.trae-cn\extensions\redhat.java-1.54.0-win32-x64\server\plugins\org.eclipse.equinox.launcher_1.7.100.v20251111-0406.jar
Launcher Type: SUN_STANDARD

[Global flags]
    uintx AdaptiveSizePolicyWeight                 = 90                                        {product} {command line}
     intx CICompilerCount                          = 4                                         {product} {ergonomic}
    uintx GCTimeRatio                              = 4                                         {product} {command line}
   size_t InitialHeapSize                          = 104857600                                 {product} {command line}
   size_t MaxHeapSize                              = 2147483648                                {product} {command line}
   size_t MaxNewSize                               = 715653120                                 {product} {ergonomic}
   size_t MinHeapDeltaBytes                        = 524288                                    {product} {ergonomic}
   size_t MinHeapSize                              = 104857600                                 {product} {command line}
   size_t NewSize                                  = 34603008                                  {product} {ergonomic}
    uintx NonNMethodCodeHeapSize                   = 5839372                                {pd product} {ergonomic}
    uintx NonProfiledCodeHeapSize                  = 122909434                              {pd product} {ergonomic}
   size_t OldSize                                  = 70254592                                  {product} {ergonomic}
    uintx ProfiledCodeHeapSize                     = 122909434                              {pd product} {ergonomic}
    uintx ReservedCodeCacheSize                    = 251658240                              {pd product} {ergonomic}
     bool SegmentedCodeCache                       = true                                      {product} {ergonomic}
   size_t SoftMaxHeapSize                          = 2147483648                             {manageable} {ergonomic}
     bool UseCompressedOops                        = true                           {product lp64_product} {ergonomic}
     bool UseLargePagesIndividualAllocation        = false                                  {pd product} {ergonomic}
     bool UseParallelGC                            = true                                      {product} {command line}

Logging:
Log output configuration:
 #0: stdout all=off uptime,level,tags foldmultilines=false
 #1: stderr all=off uptime,level,tags foldmultilines=false

Release file:
JAVA_VERSION="21.0.10" 
MODULES="java.base java.compiler java.datatransfer java.xml java.prefs java.desktop java.instrument java.logging java.management java.security.sasl java.naming java.rmi java.management.rmi java.net.http java.scripting java.security.jgss java.transaction.xa java.sql java.sql.rowset java.xml.crypto java.se java.smartcardio jdk.accessibility jdk.internal.jvmstat jdk.attach jdk.charsets jdk.internal.opt jdk.zipfs jdk.compiler jdk.crypto.ec jdk.crypto.cryptoki jdk.crypto.mscapi jdk.dynalink jdk.internal.ed jdk.editpad jdk.hotspot.agent jdk.httpserver jdk.internal.le jdk.internal.vm.ci jdk.internal.vm.compiler jdk.internal.vm.compiler.management jdk.jartool jdk.javadoc jdk.jcmd jdk.management jdk.management.agent jdk.jconsole jdk.jdeps jdk.jdwp.agent jdk.jdi jdk.jfr jdk.jshell jdk.jsobject jdk.jstatd jdk.localedata jdk.management.jfr jdk.naming.dns jdk.naming.rmi jdk.net jdk.nio.mapmode jdk.random jdk.sctp jdk.security.auth jdk.security.jgss jdk.unsupported jdk.unsupported.desktop jdk.xml.dom" 

Environment Variables:
PATH=c:\Users\Administrator\.trae-cn\tools\trae-gopls\current;c:\Users\Administrator\.trae-cn\sdks\workspaces\87619ee8\versions\node\current;c:\Users\Administrator\.trae-cn\sdks\versions\node\current;C:\Program Files (x86)\VMware\VMware Workstation\bin\;C:\ProgramData\Oracle\Java\javapath;C:\Windows\system32;C:\Windows;C:\Windows\System32\Wbem;C:\Windows\System32\WindowsPowerShell\v1.0\;C:\Windows\System32\OpenSSH\;C:\Program Files\nodejs\;C:\Program Files\Git\cmd;C:\Program Files (x86)\Microsoft SQL Server\150\DTS\Binn\;C:\Program Files\Azure Data Studio\bin;C:\Program Files\Cognex\VisionPro\bin;C:\Program Files\Common Files\Pleora\eBUS SDK;C:\Program Files\MySQL\MySQL Server 8.0\bin;C:\Program Files (x86)\Microsoft SQL Server\150\Tools\Binn\;C:\Program Files\Microsoft SQL Server\150\Tools\Binn\;C:\Program Files\Microsoft SQL Server\150\DTS\Binn\;C:\Program Files\Microsoft SQL Server\Client SDK\ODBC\170\Tools\Binn\;C:\Program Files\Docker\Docker\resources\bin;C:\Program Files (x86)\Java\jdk1.8.0_131\bin;C:\Program Files (x86)\Java\jre1.8.0_131\bin;;C:\Windows\System32\Npcap;C:\Program Files\MySQL\MySQL Shell 8.0\bin\;C:\Users\Administrator\AppData\Local\Programs\Python\Python310\Scripts\;C:\Users\Administrator\AppData\Local\Programs\Python\Python310\;C:\Users\Administrator\AppData\Roaming\npm;C:\Program Files\Azure Data Studio\bin;C:\Program Files\JetBrains\IntelliJ IDEA Community Edition 2021.1.3\bin;;C:\Users\Administrator\AppData\Local\Programs\Microsoft VS Code\bin;C:\Program Files\JetBrains\PyCharm 2023.1\bin;;C:\Program Files\JetBrains\IntelliJ IDEA 2023.1\bin;;C:\Users\Administrator\AppData\Local\Microsoft\WindowsApps;;d:\lkj\Trae CN\resources\app\bin\lib
USERNAME=Administrator
OS=Windows_NT
PROCESSOR_IDENTIFIER=Intel64 Family 6 Model 151 Stepping 5, GenuineIntel
TMP=C:\Users\ADMINI~1\AppData\Local\Temp
TEMP=C:\Users\ADMINI~1\AppData\Local\Temp




Periodic native trim disabled

---------------  S Y S T E M  ---------------

OS:
 Windows 10 , 64 bit Build 19041 (10.0.19041.3570)
OS uptime: 0 days 2:01 hours

CPU: total 12 (initial active 12) (6 cores per cpu, 2 threads per core) family 6 model 151 stepping 5 microcode 0x1e, cx8, cmov, fxsr, ht, mmx, 3dnowpref, sse, sse2, sse3, ssse3, sse4.1, sse4.2, popcnt, lzcnt, tsc, tscinvbit, avx, avx2, aes, erms, clmul, bmi1, bmi2, adx, sha, fma, vzeroupper, clflush, clflushopt, clwb, serialize, rdtscp, rdpid, fsrm, f16c, pku, cet_ibt, cet_ss
Processor Information for the first 12 processors :
  Max Mhz: 3000, Current Mhz: 3000, Mhz Limit: 3000

Memory: 4k page, system-wide physical 16059M (818M free)
TotalPageFile size 17339M (AvailPageFile size 0M)
current process WorkingSet (physical memory assigned to process): 205M, peak: 205M
current process commit charge ("private bytes"): 339M, peak: 339M

vm_info: OpenJDK 64-Bit Server VM (21.0.10+7-LTS) for windows-amd64 JRE (21.0.10+7-LTS), built on 2026-01-20T00:00:00Z by "admin" with MS VC++ 17.12 (VS2022)

END.
