#
# There is insufficient memory for the Java Runtime Environment to continue.
# Native memory allocation (malloc) failed to allocate 328432 bytes. Error detail: Chunk::new
# Possible reasons:
#   The system is out of physical RAM or swap space
#   This process is running with CompressedOops enabled, and the Java Heap may be blocking the growth of the native heap
# Possible solutions:
#   Reduce memory load on the system
#   Increase physical memory or swap space
#   Check if swap backing store is full
#   Decrease Java heap size (-Xmx/-Xms)
#   Decrease number of Java threads
#   Decrease Java thread stack sizes (-Xss)
#   Set larger code cache with -XX:ReservedCodeCacheSize=
#   JVM is running with Unscaled Compressed Oops mode in which the Java heap is
#     placed in the first 4GB address space. The Java Heap base address is the
#     maximum limit for the native heap growth. Please use -XX:HeapBaseMinAddress
#     to set the Java Heap base and to place the Java Heap above 4GB virtual address.
# This output file may be truncated or incomplete.
#
#  Out of Memory Error (arena.cpp:168), pid=14004, tid=21220
#
# JRE version: OpenJDK Runtime Environment Temurin-21.0.10+7 (21.0.10+7) (build 21.0.10+7-LTS)
# Java VM: OpenJDK 64-Bit Server VM Temurin-21.0.10+7 (21.0.10+7-LTS, mixed mode, sharing, tiered, compressed oops, compressed class ptrs, parallel gc, windows-amd64)
# No core dump will be written. Minidumps are not enabled by default on client versions of Windows
#

---------------  S U M M A R Y ------------

Command Line: --add-modules=ALL-SYSTEM --add-opens=java.base/java.util=ALL-UNNAMED --add-opens=java.base/java.lang=ALL-UNNAMED --add-opens=java.base/sun.nio.fs=ALL-UNNAMED -Declipse.application=org.eclipse.jdt.ls.core.id1 -Dosgi.bundles.defaultStartLevel=4 -Declipse.product=org.eclipse.jdt.ls.core.product -Djava.import.generatesMetadataFilesAtProjectRoot=false -DDetectVMInstallationsJob.disabled=true -Dfile.encoding=utf8 -XX:+UseParallelGC -XX:GCTimeRatio=4 -XX:AdaptiveSizePolicyWeight=90 -Dsun.zip.disableMemoryMapping=true -Xmx2G -Xms100m -Xlog:disable -javaagent:c:\Users\Administrator\.trae-cn\extensions\redhat.java-1.54.0-win32-x64\lombok\lombok-1.18.39-4050.jar -XX:+HeapDumpOnOutOfMemoryError -XX:HeapDumpPath=c:\Users\Administrator\AppData\Roaming\Trae CN\User\workspaceStorage\87619ee848e456e4662c54439ca42d22\redhat.java -Daether.dependencyCollector.impl=bf c:\Users\Administrator\.trae-cn\extensions\redhat.java-1.54.0-win32-x64\server\plugins\org.eclipse.equinox.launcher_1.7.100.v20251111-0406.jar -configuration c:\Users\Administrator\AppData\Roaming\Trae CN\User\globalStorage\redhat.java\1.54.0\config_win -data c:\Users\Administrator\AppData\Roaming\Trae CN\User\workspaceStorage\87619ee848e456e4662c54439ca42d22\redhat.java\jdt_ws --pipe=\\.\pipe\lsp-a241baa1aaf2e990d90d8a28daf66c58-sock

Host: 12th Gen Intel(R) Core(TM) i5-12500, 12 cores, 15G,  Windows 10 , 64 bit Build 19041 (10.0.19041.3570)
Time: Wed Jun 17 15:16:37 2026 elapsed time: 0.247861 seconds (0d 0h 0m 0s)

---------------  T H R E A D  ---------------

Current thread (0x000002d9f5942870):  JavaThread "C2 CompilerThread0" daemon [_thread_in_native, id=21220, stack(0x000000f9e7400000,0x000000f9e7500000) (1024K)]


Current CompileTask:
C2:247  663       4       lombok.patcher.PatchScript::classMatches (41 bytes)

Stack: [0x000000f9e7400000,0x000000f9e7500000]
Native frames: (J=compiled Java code, j=interpreted, Vv=VM code, C=native code)
V  [jvm.dll+0x6d7a39]
V  [jvm.dll+0x8b4b26]
V  [jvm.dll+0x8b70de]
V  [jvm.dll+0x8b77c3]
V  [jvm.dll+0x284346]
V  [jvm.dll+0xc66ed]
V  [jvm.dll+0xc6c31]
V  [jvm.dll+0x3bec3b]
V  [jvm.dll+0x38b162]
V  [jvm.dll+0x38a5aa]
V  [jvm.dll+0x24c560]
V  [jvm.dll+0x24bb40]
V  [jvm.dll+0x1cb34e]
V  [jvm.dll+0x25b85d]
V  [jvm.dll+0x259dea]
V  [jvm.dll+0x3f857e]
V  [jvm.dll+0x85f59d]
V  [jvm.dll+0x6d626d]
C  [ucrtbase.dll+0x21bb2]
C  [KERNEL32.DLL+0x17344]
C  [ntdll.dll+0x526b1]


---------------  P R O C E S S  ---------------

Threads class SMR info:
_java_thread_list=0x000002d9f5cdc4c0, length=13, elements={
0x000002d9dd036130, 0x000002d9dcfe0120, 0x000002d9dcfe1040, 0x000002d9f5931b30,
0x000002d9f5935a70, 0x000002d9f5937840, 0x000002d9f593ac00, 0x000002d9f5942870,
0x000002d9f594ace0, 0x000002d9f5b27f60, 0x000002d9f5b2ee30, 0x000002d9f5ccf800,
0x000002d9fa0a5f50
}

Java Threads: ( => current thread )
  0x000002d9dd036130 JavaThread "main"                              [_thread_in_native, id=16348, stack(0x000000f9e6a00000,0x000000f9e6b00000) (1024K)]
  0x000002d9dcfe0120 JavaThread "Reference Handler"          daemon [_thread_blocked, id=7784, stack(0x000000f9e6e00000,0x000000f9e6f00000) (1024K)]
  0x000002d9dcfe1040 JavaThread "Finalizer"                  daemon [_thread_blocked, id=16412, stack(0x000000f9e6f00000,0x000000f9e7000000) (1024K)]
  0x000002d9f5931b30 JavaThread "Signal Dispatcher"          daemon [_thread_blocked, id=8824, stack(0x000000f9e7000000,0x000000f9e7100000) (1024K)]
  0x000002d9f5935a70 JavaThread "Attach Listener"            daemon [_thread_blocked, id=20492, stack(0x000000f9e7100000,0x000000f9e7200000) (1024K)]
  0x000002d9f5937840 JavaThread "Service Thread"             daemon [_thread_blocked, id=20760, stack(0x000000f9e7200000,0x000000f9e7300000) (1024K)]
  0x000002d9f593ac00 JavaThread "Monitor Deflation Thread"   daemon [_thread_blocked, id=17028, stack(0x000000f9e7300000,0x000000f9e7400000) (1024K)]
=>0x000002d9f5942870 JavaThread "C2 CompilerThread0"         daemon [_thread_in_native, id=21220, stack(0x000000f9e7400000,0x000000f9e7500000) (1024K)]
  0x000002d9f594ace0 JavaThread "C1 CompilerThread0"         daemon [_thread_in_native, id=5420, stack(0x000000f9e7500000,0x000000f9e7600000) (1024K)]
  0x000002d9f5b27f60 JavaThread "C2 CompilerThread1"         daemon [_thread_in_native, id=5640, stack(0x000000f9e7600000,0x000000f9e7700000) (1024K)]
  0x000002d9f5b2ee30 JavaThread "Common-Cleaner"             daemon [_thread_blocked, id=22248, stack(0x000000f9e7700000,0x000000f9e7800000) (1024K)]
  0x000002d9f5ccf800 JavaThread "Notification Thread"        daemon [_thread_blocked, id=5008, stack(0x000000f9e7800000,0x000000f9e7900000) (1024K)]
  0x000002d9fa0a5f50 JavaThread "C2 CompilerThread2"         daemon [_thread_in_native, id=1856, stack(0x000000f9e7900000,0x000000f9e7a00000) (1024K)]
Total: 13

Other Threads:
  0x000002d9dd0ef820 VMThread "VM Thread"                           [id=21852, stack(0x000000f9e6d00000,0x000000f9e6e00000) (1024K)]
  0x000002d9dd0a3410 WatcherThread "VM Periodic Task Thread"        [id=4488, stack(0x000000f9e6c00000,0x000000f9e6d00000) (1024K)]
  0x000002d9dd0547b0 WorkerThread "GC Thread#0"                     [id=20844, stack(0x000000f9e6b00000,0x000000f9e6c00000) (1024K)]
Total: 3

Threads with active compile tasks:
C2 CompilerThread0  263  663       4       lombok.patcher.PatchScript::classMatches (41 bytes)
C1 CompilerThread0  263  866       3       sun.invoke.util.BytecodeDescriptor::unparseSig (49 bytes)
C2 CompilerThread1  263  817       4       lombok.patcher.scripts.MethodLevelPatchScript::patch (21 bytes)
C2 CompilerThread2  263  830       4       sun.security.provider.SHA2::implCompress0 (448 bytes)
Total: 4

VM state: not at safepoint (normal execution)

VM Mutex/Monitor currently owned by a thread: None

Heap address: 0x0000000080000000, size: 2048 MB, Compressed Oops mode: 32-bit

CDS archive(s) mapped at: [0x000002d980000000-0x000002d980ba0000-0x000002d980ba0000), size 12189696, SharedBaseAddress: 0x000002d980000000, ArchiveRelocationMode: 1.
Compressed class space mapped at: 0x000002d981000000-0x000002d9c1000000, reserved size: 1073741824
Narrow klass base: 0x000002d980000000, Narrow klass shift: 0, Narrow klass range: 0x100000000

GC Precious Log:
 CardTable entry size: 512
 CPUs: 12 total, 12 available
 Memory: 16059M
 Large Page Support: Disabled
 NUMA Support: Disabled
 Compressed Oops: Enabled (32-bit)
 Alignments: Space 512K, Generation 512K, Heap 2M
 Heap Min Capacity: 100M
 Heap Initial Capacity: 100M
 Heap Max Capacity: 2G
 Pre-touch: Disabled
 Parallel Workers: 10

Heap:
 PSYoungGen      total 29696K, used 17245K [0x00000000d5580000, 0x00000000d7680000, 0x0000000100000000)
  eden space 25600K, 67% used [0x00000000d5580000,0x00000000d6657438,0x00000000d6e80000)
  from space 4096K, 0% used [0x00000000d7280000,0x00000000d7280000,0x00000000d7680000)
  to   space 4096K, 0% used [0x00000000d6e80000,0x00000000d6e80000,0x00000000d7280000)
 ParOldGen       total 68608K, used 0K [0x0000000080000000, 0x0000000084300000, 0x00000000d5580000)
  object space 68608K, 0% used [0x0000000080000000,0x0000000080000000,0x0000000084300000)
 Metaspace       used 3294K, committed 3456K, reserved 1114112K
  class space    used 354K, committed 448K, reserved 1048576K

Card table byte_map: [0x000002d9dc9e0000,0x000002d9dcdf0000] _byte_map_base: 0x000002d9dc5e0000

Marking Bits: (ParMarkBitMap*) 0x00007ff95b933450
 Begin Bits: [0x000002d9ef4f0000, 0x000002d9f14f0000)
 End Bits:   [0x000002d9f14f0000, 0x000002d9f34f0000)

Polling page: 0x000002d9dafb0000

Metaspace:

Usage:
  Non-class:      2.87 MB used.
      Class:    354.86 KB used.
       Both:      3.22 MB used.

Virtual space:
  Non-class space:       64.00 MB reserved,       2.94 MB (  5%) committed,  1 nodes.
      Class space:        1.00 GB reserved,     512.00 KB ( <1%) committed,  1 nodes.
             Both:        1.06 GB reserved,       3.44 MB ( <1%) committed. 

Chunk freelists:
   Non-Class:  11.50 MB
       Class:  15.50 MB
        Both:  27.00 MB

MaxMetaspaceSize: unlimited
CompressedClassSpaceSize: 1.00 GB
Initial GC threshold: 21.00 MB
Current GC threshold: 21.00 MB
CDS: on
 - commit_granule_bytes: 65536.
 - commit_granule_words: 8192.
 - virtual_space_node_default_size: 8388608.
 - enlarge_chunks_in_place: 1.
 - use_allocation_guard: 0.


Internal statistics:

num_allocs_failed_limit: 0.
num_arena_births: 148.
num_arena_deaths: 0.
num_vsnodes_births: 2.
num_vsnodes_deaths: 0.
num_space_committed: 55.
num_space_uncommitted: 0.
num_chunks_returned_to_freelist: 0.
num_chunks_taken_from_freelist: 189.
num_chunk_merges: 0.
num_chunk_splits: 124.
num_chunks_enlarged: 67.
num_inconsistent_stats: 0.

CodeHeap 'non-profiled nmethods': size=120000Kb used=324Kb max_used=324Kb free=119676Kb
 bounds [0x000002d9e7d10000, 0x000002d9e7f80000, 0x000002d9ef240000]
CodeHeap 'profiled nmethods': size=120000Kb used=1250Kb max_used=1250Kb free=118749Kb
 bounds [0x000002d9e0240000, 0x000002d9e04b0000, 0x000002d9e7770000]
CodeHeap 'non-nmethods': size=5760Kb used=1191Kb max_used=1209Kb free=4568Kb
 bounds [0x000002d9e7770000, 0x000002d9e79e0000, 0x000002d9e7d10000]
CodeCache: size=245760Kb, used=2765Kb, max_used=2783Kb, free=242993Kb
 total_blobs=1311, nmethods=860, adapters=358, full_count=0
Compilation: enabled, stopped_count=0, restarted_count=0

Compilation events (20 events):
Event: 0.212 Thread 0x000002d9f594ace0  724       3       sun.security.provider.ByteArrayAccess::b2iBig64 (231 bytes)
Event: 0.214 Thread 0x000002d9f594ace0 nmethod 724 0x000002d9e0342c10 code [0x000002d9e0343460, 0x000002d9e0347ff0]
Event: 0.214 Thread 0x000002d9f594ace0  725       3       sun.security.provider.SHA2::implCompress (13 bytes)
Event: 0.214 Thread 0x000002d9f594ace0 nmethod 725 0x000002d9e0349490 code [0x000002d9e0349680, 0x000002d9e0349ab8]
Event: 0.214 Thread 0x000002d9f594ace0  726       3       sun.security.provider.SHA2::implCompressCheck (18 bytes)
Event: 0.214 Thread 0x000002d9f594ace0 nmethod 726 0x000002d9e0349d10 code [0x000002d9e0349ee0, 0x000002d9e034a270]
Event: 0.215 Thread 0x000002d9fa0a5f50 nmethod 712 0x000002d9e7d51e90 code [0x000002d9e7d52080, 0x000002d9e7d52670]
Event: 0.215 Thread 0x000002d9fa0a5f50  713       4       java.util.Collections$UnmodifiableCollection::iterator (9 bytes)
Event: 0.217 Thread 0x000002d9f594ace0  731       3       java.util.Arrays::copyOf (10 bytes)
Event: 0.217 Thread 0x000002d9f594ace0 nmethod 731 0x000002d9e034a410 code [0x000002d9e034a5c0, 0x000002d9e034a710]
Event: 0.217 Thread 0x000002d9f594ace0  732       3       java.lang.ClassLoader::findLoadedClass (15 bytes)
Event: 0.217 Thread 0x000002d9f594ace0 nmethod 732 0x000002d9e034a810 code [0x000002d9e034a9e0, 0x000002d9e034abc8]
Event: 0.222 Thread 0x000002d9f594ace0  734       3       java.lang.invoke.MethodType::parameterSlotCount (8 bytes)
Event: 0.223 Thread 0x000002d9f594ace0 nmethod 734 0x000002d9e034ac90 code [0x000002d9e034ae20, 0x000002d9e034af50]
Event: 0.225 Thread 0x000002d9f594ace0  736       3       java.lang.invoke.LambdaForm::internArgument (85 bytes)
Event: 0.225 Thread 0x000002d9f594ace0 nmethod 736 0x000002d9e034b010 code [0x000002d9e034b1e0, 0x000002d9e034b528]
Event: 0.226 Thread 0x000002d9f594ace0  737       1       jdk.internal.loader.BuiltinClassLoader$LoadedModule::loader (5 bytes)
Event: 0.226 Thread 0x000002d9f594ace0 nmethod 737 0x000002d9e7d53010 code [0x000002d9e7d531a0, 0x000002d9e7d53268]
Event: 0.227 Thread 0x000002d9fa0a5f50 nmethod 713 0x000002d9e7d53610 code [0x000002d9e7d53820, 0x000002d9e7d53f38]
Event: 0.227 Thread 0x000002d9fa0a5f50  730 %     4       sun.security.provider.SHA2::implCompress0 @ 27 (448 bytes)

GC Heap History (0 events):
No events

Dll operation events (8 events):
Event: 0.005 Loaded shared library c:\Users\Administrator\.trae-cn\extensions\redhat.java-1.54.0-win32-x64\jre\21.0.10-win32-x86_64\bin\java.dll
Event: 0.020 Loaded shared library c:\Users\Administrator\.trae-cn\extensions\redhat.java-1.54.0-win32-x64\jre\21.0.10-win32-x86_64\bin\zip.dll
Event: 0.049 Loaded shared library C:\Users\Administrator\.trae-cn\extensions\redhat.java-1.54.0-win32-x64\jre\21.0.10-win32-x86_64\bin\instrument.dll
Event: 0.051 Loaded shared library C:\Users\Administrator\.trae-cn\extensions\redhat.java-1.54.0-win32-x64\jre\21.0.10-win32-x86_64\bin\net.dll
Event: 0.052 Loaded shared library C:\Users\Administrator\.trae-cn\extensions\redhat.java-1.54.0-win32-x64\jre\21.0.10-win32-x86_64\bin\nio.dll
Event: 0.054 Loaded shared library C:\Users\Administrator\.trae-cn\extensions\redhat.java-1.54.0-win32-x64\jre\21.0.10-win32-x86_64\bin\zip.dll
Event: 0.061 Loaded shared library C:\Users\Administrator\.trae-cn\extensions\redhat.java-1.54.0-win32-x64\jre\21.0.10-win32-x86_64\bin\jimage.dll
Event: 0.099 Loaded shared library c:\Users\Administrator\.trae-cn\extensions\redhat.java-1.54.0-win32-x64\jre\21.0.10-win32-x86_64\bin\verify.dll

Deoptimization events (20 events):
Event: 0.203 Thread 0x000002d9dd036130 Uncommon trap: trap_request=0xffffffde fr.pc=0x000002d9e7d46f4c relative=0x000000000000012c
Event: 0.203 Thread 0x000002d9dd036130 Uncommon trap: reason=class_check action=maybe_recompile pc=0x000002d9e7d46f4c method=jdk.internal.misc.Unsafe.allocateUninitializedArray(Ljava/lang/Class;I)Ljava/lang/Object; @ 51 c2
Event: 0.203 Thread 0x000002d9dd036130 DEOPT PACKING pc=0x000002d9e7d46f4c sp=0x000000f9e6afd7c0
Event: 0.203 Thread 0x000002d9dd036130 DEOPT UNPACKING pc=0x000002d9e77c3aa2 sp=0x000000f9e6afd750 mode 2
Event: 0.205 Thread 0x000002d9dd036130 DEOPT PACKING pc=0x000002d9e0331804 sp=0x000000f9e6afd550
Event: 0.205 Thread 0x000002d9dd036130 DEOPT UNPACKING pc=0x000002d9e77c4242 sp=0x000000f9e6afc9a8 mode 0
Event: 0.205 Thread 0x000002d9dd036130 DEOPT PACKING pc=0x000002d9e0331804 sp=0x000000f9e6afd5e0
Event: 0.205 Thread 0x000002d9dd036130 DEOPT UNPACKING pc=0x000002d9e77c4242 sp=0x000000f9e6afca38 mode 0
Event: 0.205 Thread 0x000002d9dd036130 DEOPT PACKING pc=0x000002d9e0331804 sp=0x000000f9e6afd5e0
Event: 0.205 Thread 0x000002d9dd036130 DEOPT UNPACKING pc=0x000002d9e77c4242 sp=0x000000f9e6afca38 mode 0
Event: 0.205 Thread 0x000002d9dd036130 DEOPT PACKING pc=0x000002d9e0331804 sp=0x000000f9e6afd550
Event: 0.205 Thread 0x000002d9dd036130 DEOPT UNPACKING pc=0x000002d9e77c4242 sp=0x000000f9e6afc9a8 mode 0
Event: 0.205 Thread 0x000002d9dd036130 DEOPT PACKING pc=0x000002d9e0331804 sp=0x000000f9e6afd5e0
Event: 0.205 Thread 0x000002d9dd036130 DEOPT UNPACKING pc=0x000002d9e77c4242 sp=0x000000f9e6afca38 mode 0
Event: 0.205 Thread 0x000002d9dd036130 DEOPT PACKING pc=0x000002d9e0331804 sp=0x000000f9e6afd5e0
Event: 0.205 Thread 0x000002d9dd036130 DEOPT UNPACKING pc=0x000002d9e77c4242 sp=0x000000f9e6afca38 mode 0
Event: 0.205 Thread 0x000002d9dd036130 Uncommon trap: trap_request=0xffffff6e fr.pc=0x000002d9e7d4f01c relative=0x00000000000001fc
Event: 0.205 Thread 0x000002d9dd036130 Uncommon trap: reason=loop_limit_check action=maybe_recompile pc=0x000002d9e7d4f01c method=java.math.BigInteger.implMulAdd([I[IIII)I @ 26 c2
Event: 0.205 Thread 0x000002d9dd036130 DEOPT PACKING pc=0x000002d9e7d4f01c sp=0x000000f9e6afd560
Event: 0.205 Thread 0x000002d9dd036130 DEOPT UNPACKING pc=0x000002d9e77c3aa2 sp=0x000000f9e6afd4b0 mode 2

Classes loaded (20 events):
Event: 0.215 Loading class java/net/URISyntaxException
Event: 0.215 Loading class java/net/URISyntaxException done
Event: 0.216 Loading class java/security/Policy
Event: 0.216 Loading class java/security/Policy done
Event: 0.217 Loading class java/lang/SecurityException
Event: 0.217 Loading class java/lang/SecurityException done
Event: 0.218 Loading class java/nio/file/attribute/PosixFilePermissions
Event: 0.219 Loading class java/nio/file/attribute/PosixFilePermissions done
Event: 0.219 Loading class java/nio/file/attribute/PosixFilePermission
Event: 0.219 Loading class java/nio/file/attribute/PosixFilePermission done
Event: 0.221 Loading class java/lang/Thread$ThreadNumbering
Event: 0.221 Loading class java/lang/Thread$ThreadNumbering done
Event: 0.227 Loading class java/net/URL$ThreadTrackHolder
Event: 0.227 Loading class java/net/URL$ThreadTrackHolder done
Event: 0.227 Loading class java/net/URL$2
Event: 0.227 Loading class java/net/URL$2 done
Event: 0.227 Loading class java/net/URL$1
Event: 0.227 Loading class java/net/URL$1 done
Event: 0.228 Loading class java/net/spi/URLStreamHandlerProvider
Event: 0.228 Loading class java/net/spi/URLStreamHandlerProvider done

Classes unloaded (0 events):
No events

Classes redefined (0 events):
No events

Internal exceptions (13 events):
Event: 0.038 Thread 0x000002d9dd036130 Exception <a 'java/lang/NoSuchMethodError'{0x00000000d57e03a8}: 'void java.lang.invoke.DirectMethodHandle$Holder.invokeStatic(java.lang.Object, java.lang.Object, java.lang.Object)'> (0x00000000d57e03a8) 
thrown [s\src\hotspot\share\interpreter\linkResolver.cpp, line 773]
Event: 0.059 Thread 0x000002d9dd036130 Exception <a 'java/lang/NoSuchMethodError'{0x00000000d58ca4c8}: 'java.lang.Object java.lang.invoke.Invokers$Holder.invokeExact_MT(java.lang.Object, java.lang.Object, java.lang.Object, java.lang.Object, java.lang.Object)'> (0x00000000d58ca4c8) 
thrown [s\src\hotspot\share\interpreter\linkResolver.cpp, line 773]
Event: 0.077 Thread 0x000002d9dd036130 Exception <a 'java/lang/NoSuchMethodError'{0x00000000d5a02cd0}: 'int java.lang.invoke.DirectMethodHandle$Holder.invokeSpecial(java.lang.Object, java.lang.Object, java.lang.Object, int)'> (0x00000000d5a02cd0) 
thrown [s\src\hotspot\share\interpreter\linkResolver.cpp, line 773]
Event: 0.079 Thread 0x000002d9dd036130 Exception <a 'java/lang/NoSuchMethodError'{0x00000000d5a156b8}: 'java.lang.Object java.lang.invoke.DirectMethodHandle$Holder.invokeStatic(java.lang.Object, java.lang.Object, java.lang.Object, java.lang.Object, int)'> (0x00000000d5a156b8) 
thrown [s\src\hotspot\share\interpreter\linkResolver.cpp, line 773]
Event: 0.079 Thread 0x000002d9dd036130 Exception <a 'java/lang/NoSuchMethodError'{0x00000000d5a20ca0}: 'void java.lang.invoke.DelegatingMethodHandle$Holder.reinvoke_L(java.lang.Object, java.lang.Object, java.lang.Object, int, java.lang.Object)'> (0x00000000d5a20ca0) 
thrown [s\src\hotspot\share\interpreter\linkResolver.cpp, line 773]
Event: 0.080 Thread 0x000002d9dd036130 Exception <a 'java/lang/NoSuchMethodError'{0x00000000d5a246d8}: 'int java.lang.invoke.DirectMethodHandle$Holder.invokeSpecial(java.lang.Object, java.lang.Object, java.lang.Object)'> (0x00000000d5a246d8) 
thrown [s\src\hotspot\share\interpreter\linkResolver.cpp, line 773]
Event: 0.082 Thread 0x000002d9dd036130 Exception <a 'java/lang/NoSuchMethodError'{0x00000000d5a3d3c8}: 'java.lang.Object java.lang.invoke.DirectMethodHandle$Holder.invokeStatic(java.lang.Object, java.lang.Object, int)'> (0x00000000d5a3d3c8) 
thrown [s\src\hotspot\share\interpreter\linkResolver.cpp, line 773]
Event: 0.082 Thread 0x000002d9dd036130 Exception <a 'java/lang/NoSuchMethodError'{0x00000000d5a41d18}: 'void java.lang.invoke.DirectMethodHandle$Holder.invokeStatic(java.lang.Object, java.lang.Object, int, java.lang.Object)'> (0x00000000d5a41d18) 
thrown [s\src\hotspot\share\interpreter\linkResolver.cpp, line 773]
Event: 0.082 Thread 0x000002d9dd036130 Exception <a 'java/lang/NoSuchMethodError'{0x00000000d5a458a8}: 'void java.lang.invoke.DirectMethodHandle$Holder.invokeSpecial(java.lang.Object, java.lang.Object, java.lang.Object, int, java.lang.Object)'> (0x00000000d5a458a8) 
thrown [s\src\hotspot\share\interpreter\linkResolver.cpp, line 773]
Event: 0.082 Thread 0x000002d9dd036130 Exception <a 'java/lang/NoSuchMethodError'{0x00000000d5a48d18}: 'void java.lang.invoke.DelegatingMethodHandle$Holder.delegate(java.lang.Object, java.lang.Object, int, java.lang.Object)'> (0x00000000d5a48d18) 
thrown [s\src\hotspot\share\interpreter\linkResolver.cpp, line 773]
Event: 0.112 Thread 0x000002d9dd036130 Exception <a 'java/lang/NoSuchMethodError'{0x00000000d5c08e20}: 'void java.lang.invoke.DelegatingMethodHandle$Holder.reinvoke_L(java.lang.Object, java.lang.Object, java.lang.Object, int)'> (0x00000000d5c08e20) 
thrown [s\src\hotspot\share\interpreter\linkResolver.cpp, line 773]
Event: 0.169 Thread 0x000002d9dd036130 Exception <a 'java/lang/NoSuchMethodError'{0x00000000d60924a8}: 'void java.lang.invoke.DirectMethodHandle$Holder.invokeVirtual(java.lang.Object, java.lang.Object)'> (0x00000000d60924a8) 
thrown [s\src\hotspot\share\interpreter\linkResolver.cpp, line 773]
Event: 0.225 Thread 0x000002d9dd036130 Exception <a 'java/lang/NoSuchMethodError'{0x00000000d6471e80}: 'void java.lang.invoke.DirectMethodHandle$Holder.invokeStatic(java.lang.Object, java.lang.Object)'> (0x00000000d6471e80) 
thrown [s\src\hotspot\share\interpreter\linkResolver.cpp, line 773]

ZGC Phase Switch (0 events):
No events

VM Operations (6 events):
Event: 0.066 Executing non-safepoint VM operation: HandshakeAllThreads (Deoptimize)
Event: 0.066 Executing non-safepoint VM operation: HandshakeAllThreads (Deoptimize) done
Event: 0.210 Executing non-safepoint VM operation: HandshakeAllThreads (Deoptimize)
Event: 0.210 Executing non-safepoint VM operation: HandshakeAllThreads (Deoptimize) done
Event: 0.217 Executing non-safepoint VM operation: HandshakeAllThreads (Deoptimize)
Event: 0.217 Executing non-safepoint VM operation: HandshakeAllThreads (Deoptimize) done

Memory protections (0 events):
No events

Nmethod flushes (0 events):
No events

Events (13 events):
Event: 0.014 Thread 0x000002d9dd036130 Thread added: 0x000002d9dd036130
Event: 0.026 Thread 0x000002d9dd036130 Thread added: 0x000002d9dcfe0120
Event: 0.027 Thread 0x000002d9dd036130 Thread added: 0x000002d9dcfe1040
Event: 0.027 Thread 0x000002d9dd036130 Thread added: 0x000002d9f5931b30
Event: 0.027 Thread 0x000002d9dd036130 Thread added: 0x000002d9f5935a70
Event: 0.027 Thread 0x000002d9dd036130 Thread added: 0x000002d9f5937840
Event: 0.027 Thread 0x000002d9dd036130 Thread added: 0x000002d9f593ac00
Event: 0.027 Thread 0x000002d9dd036130 Thread added: 0x000002d9f5942870
Event: 0.027 Thread 0x000002d9dd036130 Thread added: 0x000002d9f594ace0
Event: 0.044 Thread 0x000002d9f594ace0 Thread added: 0x000002d9f5b27f60
Event: 0.049 Thread 0x000002d9dd036130 Thread added: 0x000002d9f5b2ee30
Event: 0.147 Thread 0x000002d9dd036130 Thread added: 0x000002d9f5ccf800
Event: 0.183 Thread 0x000002d9f594ace0 Thread added: 0x000002d9fa0a5f50


Dynamic libraries:
0x00007ff7d7ef0000 - 0x00007ff7d7efe000 	c:\Users\Administrator\.trae-cn\extensions\redhat.java-1.54.0-win32-x64\jre\21.0.10-win32-x86_64\bin\java.exe
0x00007ffa15550000 - 0x00007ffa15747000 	C:\Windows\SYSTEM32\ntdll.dll
0x00007ffa141c0000 - 0x00007ffa1427d000 	C:\Windows\System32\KERNEL32.DLL
0x00007ffa13100000 - 0x00007ffa133f6000 	C:\Windows\System32\KERNELBASE.dll
0x00007ffa12d00000 - 0x00007ffa12e00000 	C:\Windows\System32\ucrtbase.dll
0x00007ffa101d0000 - 0x00007ffa101e8000 	c:\Users\Administrator\.trae-cn\extensions\redhat.java-1.54.0-win32-x64\jre\21.0.10-win32-x86_64\bin\jli.dll
0x00007ffa101b0000 - 0x00007ffa101ce000 	c:\Users\Administrator\.trae-cn\extensions\redhat.java-1.54.0-win32-x64\jre\21.0.10-win32-x86_64\bin\VCRUNTIME140.dll
0x00007ffa13840000 - 0x00007ffa139de000 	C:\Windows\System32\USER32.dll
0x00007ffa12cd0000 - 0x00007ffa12cf2000 	C:\Windows\System32\win32u.dll
0x00007ffa13ba0000 - 0x00007ffa13bcc000 	C:\Windows\System32\GDI32.dll
0x00007ffa12e00000 - 0x00007ffa12f1a000 	C:\Windows\System32\gdi32full.dll
0x00007ffa12fb0000 - 0x00007ffa1304d000 	C:\Windows\System32\msvcp_win.dll
0x00007ff9f85b0000 - 0x00007ff9f884a000 	C:\Windows\WinSxS\amd64_microsoft.windows.common-controls_6595b64144ccf1df_6.0.19041.3570_none_60bb2a3971f3e41a\COMCTL32.dll
0x00007ffa13be0000 - 0x00007ffa13c7e000 	C:\Windows\System32\msvcrt.dll
0x00007ffa15390000 - 0x00007ffa153c0000 	C:\Windows\System32\IMM32.DLL
0x00007ffa101a0000 - 0x00007ffa101ac000 	c:\Users\Administrator\.trae-cn\extensions\redhat.java-1.54.0-win32-x64\jre\21.0.10-win32-x86_64\bin\vcruntime140_1.dll
0x00007ff9f9180000 - 0x00007ff9f920d000 	c:\Users\Administrator\.trae-cn\extensions\redhat.java-1.54.0-win32-x64\jre\21.0.10-win32-x86_64\bin\msvcp140.dll
0x00007ff95ac70000 - 0x00007ff95ba11000 	c:\Users\Administrator\.trae-cn\extensions\redhat.java-1.54.0-win32-x64\jre\21.0.10-win32-x86_64\bin\server\jvm.dll
0x00007ffa135b0000 - 0x00007ffa1365e000 	C:\Windows\System32\ADVAPI32.dll
0x00007ffa152f0000 - 0x00007ffa1538c000 	C:\Windows\System32\sechost.dll
0x00007ffa13c80000 - 0x00007ffa13da6000 	C:\Windows\System32\RPCRT4.dll
0x00007ffa149d0000 - 0x00007ffa14a3b000 	C:\Windows\System32\WS2_32.dll
0x00007ffa12190000 - 0x00007ffa121db000 	C:\Windows\SYSTEM32\POWRPROF.dll
0x00007ffa0a690000 - 0x00007ffa0a69a000 	C:\Windows\SYSTEM32\VERSION.dll
0x00007ffa0c450000 - 0x00007ffa0c477000 	C:\Windows\SYSTEM32\WINMM.dll
0x00007ffa12050000 - 0x00007ffa12062000 	C:\Windows\SYSTEM32\UMPDC.dll
0x00007ffa10af0000 - 0x00007ffa10b02000 	C:\Windows\SYSTEM32\kernel.appcore.dll
0x00007ffa07330000 - 0x00007ffa0733a000 	c:\Users\Administrator\.trae-cn\extensions\redhat.java-1.54.0-win32-x64\jre\21.0.10-win32-x86_64\bin\jimage.dll
0x00007ffa07bc0000 - 0x00007ffa07da4000 	C:\Windows\SYSTEM32\DBGHELP.DLL
0x00007ffa079b0000 - 0x00007ffa079e4000 	C:\Windows\SYSTEM32\dbgcore.DLL
0x00007ffa12f20000 - 0x00007ffa12fa2000 	C:\Windows\System32\bcryptPrimitives.dll
0x00007ffa07320000 - 0x00007ffa0732f000 	c:\Users\Administrator\.trae-cn\extensions\redhat.java-1.54.0-win32-x64\jre\21.0.10-win32-x86_64\bin\instrument.dll
0x00007ffa07300000 - 0x00007ffa07320000 	c:\Users\Administrator\.trae-cn\extensions\redhat.java-1.54.0-win32-x64\jre\21.0.10-win32-x86_64\bin\java.dll
0x00007ffa14280000 - 0x00007ffa149c4000 	C:\Windows\System32\SHELL32.dll
0x00007ffa10cf0000 - 0x00007ffa1148b000 	C:\Windows\SYSTEM32\windows.storage.dll
0x00007ffa13db0000 - 0x00007ffa14104000 	C:\Windows\System32\combase.dll
0x00007ffa12670000 - 0x00007ffa1269d000 	C:\Windows\SYSTEM32\Wldp.dll
0x00007ffa14110000 - 0x00007ffa141bd000 	C:\Windows\System32\SHCORE.dll
0x00007ffa14b30000 - 0x00007ffa14b85000 	C:\Windows\System32\shlwapi.dll
0x00007ffa12b60000 - 0x00007ffa12b85000 	C:\Windows\SYSTEM32\profapi.dll
0x00007ffa072e0000 - 0x00007ffa072f8000 	c:\Users\Administrator\.trae-cn\extensions\redhat.java-1.54.0-win32-x64\jre\21.0.10-win32-x86_64\bin\zip.dll
0x00007ffa072d0000 - 0x00007ffa072e0000 	C:\Users\Administrator\.trae-cn\extensions\redhat.java-1.54.0-win32-x64\jre\21.0.10-win32-x86_64\bin\net.dll
0x00007ffa0c9f0000 - 0x00007ffa0cafa000 	C:\Windows\SYSTEM32\WINHTTP.dll
0x00007ffa123d0000 - 0x00007ffa1243a000 	C:\Windows\system32\mswsock.dll
0x00007ffa007d0000 - 0x00007ffa007e6000 	C:\Users\Administrator\.trae-cn\extensions\redhat.java-1.54.0-win32-x64\jre\21.0.10-win32-x86_64\bin\nio.dll
0x00007ffa01b90000 - 0x00007ffa01ba0000 	c:\Users\Administrator\.trae-cn\extensions\redhat.java-1.54.0-win32-x64\jre\21.0.10-win32-x86_64\bin\verify.dll

JVMTI agents:
c:\Users\Administrator\.trae-cn\extensions\redhat.java-1.54.0-win32-x64\lombok\lombok-1.18.39-4050.jar path:c:\Users\Administrator\.trae-cn\extensions\redhat.java-1.54.0-win32-x64\jre\21.0.10-win32-x86_64\bin\instrument.dll, loaded, initialized, instrumentlib options:none

dbghelp: loaded successfully - version: 4.0.5 - missing functions: none
symbol engine: initialized successfully - sym options: 0x614 - pdb path: .;c:\Users\Administrator\.trae-cn\extensions\redhat.java-1.54.0-win32-x64\jre\21.0.10-win32-x86_64\bin;C:\Windows\SYSTEM32;C:\Windows\WinSxS\amd64_microsoft.windows.common-controls_6595b64144ccf1df_6.0.19041.3570_none_60bb2a3971f3e41a;c:\Users\Administrator\.trae-cn\extensions\redhat.java-1.54.0-win32-x64\jre\21.0.10-win32-x86_64\bin\server

VM Arguments:
jvm_args: --add-modules=ALL-SYSTEM --add-opens=java.base/java.util=ALL-UNNAMED --add-opens=java.base/java.lang=ALL-UNNAMED --add-opens=java.base/sun.nio.fs=ALL-UNNAMED -Declipse.application=org.eclipse.jdt.ls.core.id1 -Dosgi.bundles.defaultStartLevel=4 -Declipse.product=org.eclipse.jdt.ls.core.product -Djava.import.generatesMetadataFilesAtProjectRoot=false -DDetectVMInstallationsJob.disabled=true -Dfile.encoding=utf8 -XX:+UseParallelGC -XX:GCTimeRatio=4 -XX:AdaptiveSizePolicyWeight=90 -Dsun.zip.disableMemoryMapping=true -Xmx2G -Xms100m -Xlog:disable -javaagent:c:\Users\Administrator\.trae-cn\extensions\redhat.java-1.54.0-win32-x64\lombok\lombok-1.18.39-4050.jar -XX:+HeapDumpOnOutOfMemoryError -XX:HeapDumpPath=c:\Users\Administrator\AppData\Roaming\Trae CN\User\workspaceStorage\87619ee848e456e4662c54439ca42d22\redhat.java -Daether.dependencyCollector.impl=bf 
java_command: c:\Users\Administrator\.trae-cn\extensions\redhat.java-1.54.0-win32-x64\server\plugins\org.eclipse.equinox.launcher_1.7.100.v20251111-0406.jar -configuration c:\Users\Administrator\AppData\Roaming\Trae CN\User\globalStorage\redhat.java\1.54.0\config_win -data c:\Users\Administrator\AppData\Roaming\Trae CN\User\workspaceStorage\87619ee848e456e4662c54439ca42d22\redhat.java\jdt_ws --pipe=\\.\pipe\lsp-a241baa1aaf2e990d90d8a28daf66c58-sock
java_class_path (initial): c:\Users\Administrator\.trae-cn\extensions\redhat.java-1.54.0-win32-x64\server\plugins\org.eclipse.equinox.launcher_1.7.100.v20251111-0406.jar
Launcher Type: SUN_STANDARD

[Global flags]
    uintx AdaptiveSizePolicyWeight                 = 90                                        {product} {command line}
     intx CICompilerCount                          = 4                                         {product} {ergonomic}
    uintx GCTimeRatio                              = 4                                         {product} {command line}
     bool HeapDumpOnOutOfMemoryError               = true                                   {manageable} {command line}
    ccstr HeapDumpPath                             = c:\Users\Administrator\AppData\Roaming\Trae CN\User\workspaceStorage\87619ee848e456e4662c54439ca42d22\redhat.java         {manageable} {command line}
   size_t InitialHeapSize                          = 104857600                                 {product} {command line}
   size_t MaxHeapSize                              = 2147483648                                {product} {command line}
   size_t MaxNewSize                               = 715653120                                 {product} {ergonomic}
   size_t MinHeapDeltaBytes                        = 524288                                    {product} {ergonomic}
   size_t MinHeapSize                              = 104857600                                 {product} {command line}
   size_t NewSize                                  = 34603008                                  {product} {ergonomic}
    uintx NonNMethodCodeHeapSize                   = 5839372                                {pd product} {ergonomic}
    uintx NonProfiledCodeHeapSize                  = 122909434                              {pd product} {ergonomic}
   size_t OldSize                                  = 70254592                                  {product} {ergonomic}
    uintx ProfiledCodeHeapSize                     = 122909434                              {pd product} {ergonomic}
    uintx ReservedCodeCacheSize                    = 251658240                              {pd product} {ergonomic}
     bool SegmentedCodeCache                       = true                                      {product} {ergonomic}
   size_t SoftMaxHeapSize                          = 2147483648                             {manageable} {ergonomic}
     bool UseCompressedOops                        = true                           {product lp64_product} {ergonomic}
     bool UseLargePagesIndividualAllocation        = false                                  {pd product} {ergonomic}
     bool UseParallelGC                            = true                                      {product} {command line}

Logging:
Log output configuration:
 #0: stdout all=off uptime,level,tags foldmultilines=false
 #1: stderr all=off uptime,level,tags foldmultilines=false

Release file:
<release file has not been read>
Environment Variables:
PATH=c:\Users\Administrator\.trae-cn\tools\trae-gopls\current;c:\Users\Administrator\.trae-cn\sdks\workspaces\87619ee8\versions\node\current;c:\Users\Administrator\.trae-cn\sdks\versions\node\current;C:\Program Files (x86)\VMware\VMware Workstation\bin\;C:\ProgramData\Oracle\Java\javapath;C:\Windows\system32;C:\Windows;C:\Windows\System32\Wbem;C:\Windows\System32\WindowsPowerShell\v1.0\;C:\Windows\System32\OpenSSH\;C:\Program Files\nodejs\;C:\Program Files\Git\cmd;C:\Program Files (x86)\Microsoft SQL Server\150\DTS\Binn\;C:\Program Files\Azure Data Studio\bin;C:\Program Files\Cognex\VisionPro\bin;C:\Program Files\Common Files\Pleora\eBUS SDK;C:\Program Files\MySQL\MySQL Server 8.0\bin;C:\Program Files (x86)\Microsoft SQL Server\150\Tools\Binn\;C:\Program Files\Microsoft SQL Server\150\Tools\Binn\;C:\Program Files\Microsoft SQL Server\150\DTS\Binn\;C:\Program Files\Microsoft SQL Server\Client SDK\ODBC\170\Tools\Binn\;C:\Program Files\Docker\Docker\resources\bin;C:\Program Files (x86)\Java\jdk1.8.0_131\bin;C:\Program Files (x86)\Java\jre1.8.0_131\bin;;C:\Windows\System32\Npcap;C:\Program Files\MySQL\MySQL Shell 8.0\bin\;C:\Users\Administrator\AppData\Local\Programs\Python\Python310\Scripts\;C:\Users\Administrator\AppData\Local\Programs\Python\Python310\;C:\Users\Administrator\AppData\Roaming\npm;C:\Program Files\Azure Data Studio\bin;C:\Program Files\JetBrains\IntelliJ IDEA Community Edition 2021.1.3\bin;;C:\Users\Administrator\AppData\Local\Programs\Microsoft VS Code\bin;C:\Program Files\JetBrains\PyCharm 2023.1\bin;;C:\Program Files\JetBrains\IntelliJ IDEA 2023.1\bin;;C:\Users\Administrator\AppData\Local\Microsoft\WindowsApps;;d:\lkj\Trae CN\resources\app\bin\lib
USERNAME=Administrator
OS=Windows_NT
PROCESSOR_IDENTIFIER=Intel64 Family 6 Model 151 Stepping 5, GenuineIntel
TMP=C:\Users\ADMINI~1\AppData\Local\Temp
TEMP=C:\Users\ADMINI~1\AppData\Local\Temp




Periodic native trim disabled

---------------  S Y S T E M  ---------------

OS:
 Windows 10 , 64 bit Build 19041 (10.0.19041.3570)
OS uptime: 0 days 1:55 hours

CPU: total 12 (initial active 12) (6 cores per cpu, 2 threads per core) family 6 model 151 stepping 5 microcode 0x1e, cx8, cmov, fxsr, ht, mmx, 3dnowpref, sse, sse2, sse3, ssse3, sse4.1, sse4.2, popcnt, lzcnt, tsc, tscinvbit, avx, avx2, aes, erms, clmul, bmi1, bmi2, adx, sha, fma, vzeroupper, clflush, clflushopt, clwb, serialize, rdtscp, rdpid, fsrm, f16c, pku, cet_ibt, cet_ss
Processor Information for the first 12 processors :
  Max Mhz: 3000, Current Mhz: 3000, Mhz Limit: 3000

Memory: 4k page, system-wide physical 16059M (1097M free)
TotalPageFile size 17339M (AvailPageFile size 107M)
current process WorkingSet (physical memory assigned to process): 66M, peak: 67M
current process commit charge ("private bytes"): 242M, peak: 242M

vm_info: OpenJDK 64-Bit Server VM (21.0.10+7-LTS) for windows-amd64 JRE (21.0.10+7-LTS), built on 2026-01-20T00:00:00Z by "admin" with MS VC++ 17.12 (VS2022)

END.
